[08:13:52] Run started: categories=['multi_turn_long_context'], workers=3, max_entries=all
[08:13:52] ── multi_turn_long_context ──
[08:13:52]   Loaded 200 entries
[08:14:10]   [1/200] multi_turn_long_context_1: PASS (1/1 = 100%)
[08:14:18]   [2/200] multi_turn_long_context_0: PASS (2/2 = 100%)
[08:14:20]   [3/200] multi_turn_long_context_3: PASS (3/3 = 100%)
[08:14:23]   [4/200] multi_turn_long_context_2: PASS (4/4 = 100%)
[08:14:27]   [5/200] multi_turn_long_context_4: PASS (5/5 = 100%)
[08:14:40]   [6/200] multi_turn_long_context_7: PASS (6/6 = 100%)
[08:14:41]   [7/200] multi_turn_long_context_5: PASS (7/7 = 100%)
[08:14:46]   [8/200] multi_turn_long_context_6: PASS (8/8 = 100%)
[08:14:58]   [9/200] multi_turn_long_context_9: PASS (9/9 = 100%)
[08:15:05]   [10/200] multi_turn_long_context_11: PASS (10/10 = 100%)
[08:15:16]   [11/200] multi_turn_long_context_10: PASS (11/11 = 100%)
[08:15:16]   [12/200] multi_turn_long_context_12: PASS (12/12 = 100%)
[08:15:20]   [13/200] multi_turn_long_context_8: FAIL (12/13 = 92%) | error: Model response execution results so far does not contain all the ground truth response execution results for turn 0.
[08:15:28]   [14/200] multi_turn_long_context_13: FAIL (12/14 = 86%) | error: Model response execution results so far does not contain all the ground truth response execution results for turn 1.
[08:15:35]   [15/200] multi_turn_long_context_14: PASS (13/15 = 87%)
[08:15:38]   [16/200] multi_turn_long_context_15: PASS (14/16 = 88%)
[08:15:43]   [17/200] multi_turn_long_context_16: PASS (15/17 = 88%)
[08:15:50]   [18/200] multi_turn_long_context_17: PASS (16/18 = 89%)
[08:15:53]   [19/200] multi_turn_long_context_19: PASS (17/19 = 89%)
[08:15:55]   [20/200] multi_turn_long_context_18: FAIL (17/20 = 85%) | error: Model response execution results so far does not contain all the ground truth response execution results for turn 2.
[08:16:02]   [21/200] multi_turn_long_context_20: PASS (18/21 = 86%)
[08:16:03]   [22/200] multi_turn_long_context_21: FAIL (18/22 = 82%) | error: Model response execution results so far does not contain all the ground truth response execution results for turn 1.
[08:16:11]   [23/200] multi_turn_long_context_23: FAIL (18/23 = 78%) | error: Model response execution results so far does not contain all the ground truth response execution results for turn 0.
[08:16:14]   [24/200] multi_turn_long_context_22: FAIL (18/24 = 75%) | error: Model response execution results so far does not contain all the ground truth response execution results for turn 0.
[08:16:23]   [25/200] multi_turn_long_context_26: PASS (19/25 = 76%)
[08:16:23]   [26/200] multi_turn_long_context_25: FAIL (19/26 = 73%) | error: Model response execution results so far does not contain all the ground truth response execution results for turn 2.
[08:16:31]   [27/200] multi_turn_long_context_24: PASS (20/27 = 74%)
[08:16:37]   [28/200] multi_turn_long_context_27: PASS (21/28 = 75%)
[08:16:37]   [29/200] multi_turn_long_context_29: PASS (22/29 = 76%)
[08:16:40]   [30/200] multi_turn_long_context_28: PASS (23/30 = 77%)
[08:16:54]   [31/200] multi_turn_long_context_32: PASS (24/31 = 77%)
[08:16:56]   [32/200] multi_turn_long_context_30: FAIL (24/32 = 75%) | error: Model response execution results so far does not contain all the ground truth response execution results for turn 1.
[08:16:56]   [33/200] multi_turn_long_context_31: FAIL (24/33 = 73%) | error: Model response execution results so far does not contain all the ground truth response execution results for turn 1.
[08:17:05]   [34/200] multi_turn_long_context_33: PASS (25/34 = 74%)
[08:17:13]   [35/200] multi_turn_long_context_34: PASS (26/35 = 74%)
[08:17:19]   [36/200] multi_turn_long_context_35: PASS (27/36 = 75%)
[08:17:22]   [37/200] multi_turn_long_context_36: PASS (28/37 = 76%)
[08:17:29]   [38/200] multi_turn_long_context_38: FAIL (28/38 = 74%) | error: Model response execution results so far does not contain all the ground truth response execution results for turn 0.
[08:17:30]   [39/200] multi_turn_long_context_37: PASS (29/39 = 74%)
[08:17:40]   [40/200] multi_turn_long_context_41: FAIL (29/40 = 72%) | error: Model response execution results so far does not contain all the ground truth response execution results for turn 0.
[08:17:40]   [41/200] multi_turn_long_context_39: PASS (30/41 = 73%)
[08:17:45]   [42/200] multi_turn_long_context_40: PASS (31/42 = 74%)
[08:17:57]   [43/200] multi_turn_long_context_42: PASS (32/43 = 74%)
[08:17:58]   [44/200] multi_turn_long_context_44: PASS (33/44 = 75%)
[08:17:58]   [45/200] multi_turn_long_context_43: FAIL (33/45 = 73%) | error: Model response execution results so far does not contain all the ground truth response execution results for turn 2.
[08:18:03]   [46/200] multi_turn_long_context_45: PASS (34/46 = 74%)
[08:18:07]   [47/200] multi_turn_long_context_47: FAIL (34/47 = 72%) | error: Model response execution results so far does not contain all the ground truth response execution results for turn 1.
[08:18:09]   [48/200] multi_turn_long_context_46: FAIL (34/48 = 71%) | error: Model response execution results so far does not contain all the ground truth response execution results for turn 0.
[08:18:13]   [49/200] multi_turn_long_context_50: PASS (35/49 = 71%)
[08:18:20]   [50/200] multi_turn_long_context_49: PASS (36/50 = 72%)
[08:18:20]   [51/200] multi_turn_long_context_48: FAIL (36/51 = 71%) | error: Model response execution results so far does not contain all the ground truth response execution results for turn 2.
[08:18:37]   [52/200] multi_turn_long_context_51: PASS (37/52 = 71%)
[08:18:39]   [53/200] multi_turn_long_context_53: PASS (38/53 = 72%)
[08:18:44]   [54/200] multi_turn_long_context_52: PASS (39/54 = 72%)
[08:18:58]   [55/200] multi_turn_long_context_54: FAIL (39/55 = 71%) | error: Model response execution results so far does not contain all the ground truth response execution results for turn 1.
[08:19:07]   [56/200] multi_turn_long_context_56: PASS (40/56 = 71%)
[08:19:08]   [57/200] multi_turn_long_context_57: PASS (41/57 = 72%)
[08:19:11]   [58/200] multi_turn_long_context_55: FAIL (41/58 = 71%) | error: Model response execution results so far does not contain all the ground truth response execution results for turn 2.
[08:19:34]   [59/200] multi_turn_long_context_59: PASS (42/59 = 71%)
[08:19:39]   [60/200] multi_turn_long_context_58: FAIL (42/60 = 70%) | error: Model response execution results so far does not contain all the ground truth response execution results for turn 0.
[08:19:45]   [61/200] multi_turn_long_context_60: FAIL (42/61 = 69%) | error: Model response execution results so far does not contain all the ground truth response execution results for turn 2.
[08:19:57]   [62/200] multi_turn_long_context_62: FAIL (42/62 = 68%) | error: Model response execution results so far does not contain all the ground truth response execution results for turn 0.
[08:20:01]   [63/200] multi_turn_long_context_61: PASS (43/63 = 68%)
[08:20:04]   [64/200] multi_turn_long_context_63: PASS (44/64 = 69%)
[08:20:14]   [65/200] multi_turn_long_context_64: PASS (45/65 = 69%)
[08:20:21]   [66/200] multi_turn_long_context_65: PASS (46/66 = 70%)
[08:20:23]   [67/200] multi_turn_long_context_66: PASS (47/67 = 70%)
[08:20:34]   [68/200] multi_turn_long_context_67: PASS (48/68 = 71%)
[08:20:41]   [69/200] multi_turn_long_context_69: PASS (49/69 = 71%)
[08:20:46]   [70/200] multi_turn_long_context_68: FAIL (49/70 = 70%) | error: Model response execution results so far does not contain all the ground truth response execution results for turn 1.
[08:20:49]   [71/200] multi_turn_long_context_70: FAIL (49/71 = 69%) | error: Model response execution results so far does not contain all the ground truth response execution results for turn 1.
[08:21:03]   [72/200] multi_turn_long_context_73: PASS (50/72 = 69%)
[08:21:04]   [73/200] multi_turn_long_context_71: PASS (51/73 = 70%)
[08:21:07]   [74/200] multi_turn_long_context_72: PASS (52/74 = 70%)
[08:21:18]   [75/200] multi_turn_long_context_74: PASS (53/75 = 71%)
[08:21:20]   [76/200] multi_turn_long_context_76: PASS (54/76 = 71%)
[08:21:29]   [77/200] multi_turn_long_context_75: FAIL (54/77 = 70%) | error: Model response execution results so far does not contain all the ground truth response execution results for turn 1.
[08:21:31]   [78/200] multi_turn_long_context_77: PASS (55/78 = 71%)
[08:21:34]   [79/200] multi_turn_long_context_78: FAIL (55/79 = 70%) | error: Model response execution results so far does not contain all the ground truth response execution results for turn 1.
[08:21:42]   [80/200] multi_turn_long_context_79: PASS (56/80 = 70%)
[08:21:55]   [81/200] multi_turn_long_context_80: PASS (57/81 = 70%)
[08:22:02]   [82/200] multi_turn_long_context_81: FAIL (57/82 = 70%) | error: Model response execution results so far does not contain all the ground truth response execution results for turn 3.
[08:22:04]   [83/200] multi_turn_long_context_82: PASS (58/83 = 70%)
[08:22:13]   [84/200] multi_turn_long_context_83: PASS (59/84 = 70%)
[08:22:14]   [85/200] multi_turn_long_context_84: PASS (60/85 = 71%)
[08:22:22]   [86/200] multi_turn_long_context_85: PASS (61/86 = 71%)
[08:22:34]   [87/200] multi_turn_long_context_86: PASS (62/87 = 71%)
[08:22:39]   [88/200] multi_turn_long_context_87: PASS (63/88 = 72%)
[08:22:39]   [89/200] multi_turn_long_context_88: PASS (64/89 = 72%)
[08:22:51]   [90/200] multi_turn_long_context_91: FAIL (64/90 = 71%) | error: Model response execution results so far does not contain all the ground truth response execution results for turn 0.
[08:22:59]   [91/200] multi_turn_long_context_89: PASS (65/91 = 71%)
[08:23:08]   [92/200] multi_turn_long_context_93: FAIL (65/92 = 71%) | error: Model response execution results so far does not contain all the ground truth response execution results for turn 1.
[08:23:10]   [93/200] multi_turn_long_context_90: PASS (66/93 = 71%)
[08:23:11]   [94/200] multi_turn_long_context_92: FAIL (66/94 = 70%) | error: Model response execution results so far does not contain all the ground truth response execution results for turn 4.
[08:23:26]   [95/200] multi_turn_long_context_94: PASS (67/95 = 71%)
[08:23:28]   [96/200] multi_turn_long_context_95: PASS (68/96 = 71%)
[08:23:32]   [97/200] multi_turn_long_context_96: PASS (69/97 = 71%)
[08:23:41]   [98/200] multi_turn_long_context_98: PASS (70/98 = 71%)
[08:23:50]   [99/200] multi_turn_long_context_100: PASS (71/99 = 72%)
[08:23:52]   [100/200] multi_turn_long_context_99: FAIL (71/100 = 71%) | error: Model response execution results so far does not contain all the ground truth response execution results for turn 3.
[08:23:56]   [101/200] multi_turn_long_context_97: PASS (72/101 = 71%)
[08:24:01]   [102/200] multi_turn_long_context_101: PASS (73/102 = 72%)
[08:24:09]   [103/200] multi_turn_long_context_102: PASS (74/103 = 72%)
[08:24:10]   [104/200] multi_turn_long_context_104: PASS (75/104 = 72%)
[08:24:16]   [105/200] multi_turn_long_context_105: PASS (76/105 = 72%)
[08:24:26]   [106/200] multi_turn_long_context_103: PASS (77/106 = 73%)
[08:24:27]   [107/200] multi_turn_long_context_106: FAIL (77/107 = 72%) | error: Model response execution results so far does not contain all the ground truth response execution results for turn 2.
[08:24:36]   [108/200] multi_turn_long_context_107: PASS (78/108 = 72%)
[08:24:48]   [109/200] multi_turn_long_context_108: PASS (79/109 = 72%)
[08:24:54]   [110/200] multi_turn_long_context_109: FAIL (79/110 = 72%) | error: Model response execution results so far does not contain all the ground truth response execution results for turn 6.
[08:25:02]   [111/200] multi_turn_long_context_110: FAIL (79/111 = 71%) | error: Model response execution results so far does not contain all the ground truth response execution results for turn 5.
[08:25:05]   [112/200] multi_turn_long_context_111: PASS (80/112 = 71%)
[08:25:08]   [113/200] multi_turn_long_context_112: PASS (81/113 = 72%)
[08:25:11]   [114/200] multi_turn_long_context_113: PASS (82/114 = 72%)
[08:25:18]   [115/200] multi_turn_long_context_114: PASS (83/115 = 72%)
[08:25:24]   [116/200] multi_turn_long_context_115: PASS (84/116 = 72%)
[08:25:28]   [117/200] multi_turn_long_context_116: PASS (85/117 = 73%)
[08:25:40]   [118/200] multi_turn_long_context_117: PASS (86/118 = 73%)
[08:25:43]   [119/200] multi_turn_long_context_119: PASS (87/119 = 73%)
[08:25:44]   [120/200] multi_turn_long_context_118: PASS (88/120 = 73%)
[08:25:56]   [121/200] multi_turn_long_context_120: PASS (89/121 = 74%)
[08:25:57]   [122/200] multi_turn_long_context_122: PASS (90/122 = 74%)
[08:25:58]   [123/200] multi_turn_long_context_121: FAIL (90/123 = 73%) | error: Model response execution results so far does not contain all the ground truth response execution results for turn 3.
[08:26:08]   [124/200] multi_turn_long_context_124: FAIL (90/124 = 73%) | error: Model response execution results so far does not contain all the ground truth response execution results for turn 0.
[08:26:10]   [125/200] multi_turn_long_context_123: PASS (91/125 = 73%)
[08:26:21]   [126/200] multi_turn_long_context_126: PASS (92/126 = 73%)
[08:26:21]   [127/200] multi_turn_long_context_125: FAIL (92/127 = 72%) | error: Model response execution results so far does not contain all the ground truth response execution results for turn 3.
[08:26:24]   [128/200] multi_turn_long_context_127: PASS (93/128 = 73%)
[08:26:36]   [129/200] multi_turn_long_context_128: PASS (94/129 = 73%)
[08:26:41]   [130/200] multi_turn_long_context_130: PASS (95/130 = 73%)
[08:26:43]   [131/200] multi_turn_long_context_129: PASS (96/131 = 73%)
[08:26:52]   [132/200] multi_turn_long_context_132: PASS (97/132 = 73%)
[08:26:54]   [133/200] multi_turn_long_context_133: PASS (98/133 = 74%)
[08:27:04]   [134/200] multi_turn_long_context_131: PASS (99/134 = 74%)
[08:27:07]   [135/200] multi_turn_long_context_134: PASS (100/135 = 74%)
[08:27:08]   [136/200] multi_turn_long_context_135: PASS (101/136 = 74%)
[08:27:21]   [137/200] multi_turn_long_context_137: PASS (102/137 = 74%)
[08:27:21]   [138/200] multi_turn_long_context_136: PASS (103/138 = 75%)
[08:27:30]   [139/200] multi_turn_long_context_139: PASS (104/139 = 75%)
[08:27:34]   [140/200] multi_turn_long_context_138: PASS (105/140 = 75%)
[08:27:45]   [141/200] multi_turn_long_context_140: FAIL (105/141 = 74%) | error: Model response execution results so far does not contain all the ground truth response execution results for turn 2.
[08:27:48]   [142/200] multi_turn_long_context_141: PASS (106/142 = 75%)
[08:27:50]   [143/200] multi_turn_long_context_142: PASS (107/143 = 75%)
[08:27:56]   [144/200] multi_turn_long_context_144: PASS (108/144 = 75%)
[08:28:05]   [145/200] multi_turn_long_context_143: PASS (109/145 = 75%)
[08:28:11]   [146/200] multi_turn_long_context_145: PASS (110/146 = 75%)
[08:28:12]   [147/200] multi_turn_long_context_146: PASS (111/147 = 76%)
[08:28:20]   [148/200] multi_turn_long_context_147: FAIL (111/148 = 75%) | error: Model response execution results so far does not contain all the ground truth response execution results for turn 0.
[08:28:30]   [149/200] multi_turn_long_context_150: PASS (112/149 = 75%)
[08:28:34]   [150/200] multi_turn_long_context_148: FAIL (112/150 = 75%) | error: Model response execution results so far does not contain all the ground truth response execution results for turn 4.
[08:28:35]   [151/200] multi_turn_long_context_149: PASS (113/151 = 75%)
[08:28:45]   [152/200] multi_turn_long_context_151: PASS (114/152 = 75%)
[08:28:53]   [153/200] multi_turn_long_context_152: PASS (115/153 = 75%)
[08:28:54]   [154/200] multi_turn_long_context_153: PASS (116/154 = 75%)
[08:29:01]   [155/200] multi_turn_long_context_155: FAIL (116/155 = 75%) | error: Model response execution results so far does not contain all the ground truth response execution results for turn 0.
[08:29:12]   [156/200] multi_turn_long_context_154: FAIL (116/156 = 74%) | error: Model response execution results so far does not contain all the ground truth response execution results for turn 1.
[08:29:13]   [157/200] multi_turn_long_context_157: PASS (117/157 = 75%)
[08:29:24]   [158/200] multi_turn_long_context_158: PASS (118/158 = 75%)
[08:29:25]   [159/200] multi_turn_long_context_156: FAIL (118/159 = 74%) | error: Model response execution results so far does not contain all the ground truth response execution results for turn 3.
[08:29:30]   [160/200] multi_turn_long_context_159: PASS (119/160 = 74%)
[08:29:36]   [161/200] multi_turn_long_context_161: PASS (120/161 = 75%)
[08:29:43]   [162/200] multi_turn_long_context_160: PASS (121/162 = 75%)
[08:29:47]   [163/200] multi_turn_long_context_163: PASS (122/163 = 75%)
[08:30:08]   [164/200] multi_turn_long_context_165: PASS (123/164 = 75%)
[08:30:08]   [165/200] multi_turn_long_context_164: FAIL (123/165 = 75%) | error: Model response execution results so far does not contain all the ground truth response execution results for turn 2.
[08:30:13]   [166/200] multi_turn_long_context_162: PASS (124/166 = 75%)
[08:30:31]   [167/200] multi_turn_long_context_168: PASS (125/167 = 75%)
[08:30:33]   [168/200] multi_turn_long_context_166: PASS (126/168 = 75%)
[08:30:35]   [169/200] multi_turn_long_context_167: PASS (127/169 = 75%)
[08:30:49]   [170/200] multi_turn_long_context_169: PASS (128/170 = 75%)
[08:30:57]   [171/200] multi_turn_long_context_170: PASS (129/171 = 75%)
[08:31:05]   [172/200] multi_turn_long_context_171: FAIL (129/172 = 75%) | error: Model response execution results so far does not contain all the ground truth response execution results for turn 0.
[08:31:16]   [173/200] multi_turn_long_context_172: PASS (130/173 = 75%)
[08:31:23]   [174/200] multi_turn_long_context_173: FAIL (130/174 = 75%) | error: Model response execution results so far does not contain all the ground truth response execution results for turn 3.
[08:31:31]   [175/200] multi_turn_long_context_175: PASS (131/175 = 75%)
[08:31:32]   [176/200] multi_turn_long_context_176: PASS (132/176 = 75%)
[08:31:36]   [177/200] multi_turn_long_context_174: PASS (133/177 = 75%)
[08:31:46]   [178/200] multi_turn_long_context_177: FAIL (133/178 = 75%) | error: Model response execution results so far does not contain all the ground truth response execution results for turn 1.
[08:31:56]   [179/200] multi_turn_long_context_179: PASS (134/179 = 75%)
[08:31:58]   [180/200] multi_turn_long_context_178: PASS (135/180 = 75%)
[08:32:06]   [181/200] multi_turn_long_context_182: PASS (136/181 = 75%)
[08:32:22]   [182/200] multi_turn_long_context_180: PASS (137/182 = 75%)
[08:32:35]   [183/200] multi_turn_long_context_181: FAIL (137/183 = 75%) | error: Model response execution results so far does not contain all the ground truth response execution results for turn 1.
[08:32:48]   [184/200] multi_turn_long_context_183: FAIL (137/184 = 74%) | error: Model response execution results so far does not contain all the ground truth response execution results for turn 0.
[08:32:48]   [185/200] multi_turn_long_context_184: PASS (138/185 = 75%)
[08:32:49]   [186/200] multi_turn_long_context_185: FAIL (138/186 = 74%) | error: Model response execution results so far does not contain all the ground truth response execution results for turn 0.
[08:33:17]   [187/200] multi_turn_long_context_187: FAIL (138/187 = 74%) | error: Model response execution results so far does not contain all the ground truth response execution results for turn 0.
[08:33:18]   [188/200] multi_turn_long_context_188: FAIL (138/188 = 73%) | error: Model response execution results so far does not contain all the ground truth response execution results for turn 4.
[08:33:22]   [189/200] multi_turn_long_context_186: PASS (139/189 = 74%)
[08:33:43]   [190/200] multi_turn_long_context_191: PASS (140/190 = 74%)
[08:33:44]   [191/200] multi_turn_long_context_189: FAIL (140/191 = 73%) | error: Model response execution results so far does not contain all the ground truth response execution results for turn 1.
[08:33:46]   [192/200] multi_turn_long_context_190: PASS (141/192 = 73%)
[08:34:01]   [193/200] multi_turn_long_context_192: PASS (142/193 = 74%)
[08:34:09]   [194/200] multi_turn_long_context_193: FAIL (142/194 = 73%) | error: Model response execution results so far does not contain all the ground truth response execution results for turn 3.
[08:34:15]   [195/200] multi_turn_long_context_194: PASS (143/195 = 73%)
[08:34:18]   [196/200] multi_turn_long_context_195: PASS (144/196 = 73%)
[08:34:26]   [197/200] multi_turn_long_context_198: FAIL (144/197 = 73%) | error: Model response execution results so far does not contain all the ground truth response execution results for turn 0.
[08:34:31]   [198/200] multi_turn_long_context_196: FAIL (144/198 = 73%) | error: Model response execution results so far does not contain all the ground truth response execution results for turn 3.
[08:34:32]   [199/200] multi_turn_long_context_197: PASS (145/199 = 73%)
[08:34:49]   [200/200] multi_turn_long_context_199: PASS (146/200 = 73%)
[08:34:49]   multi_turn_long_context: 146/200 (73.0%) in 1257s | cost=$4.10
[08:34:49] Run complete. Log: /Users/timmetim/development/glyphh-master/glyphh-models/bfcl/results/full-eval/run_20260311_081352.log
