[17:33:46] Run started: categories=['multi_turn_base', 'multi_turn_miss_func', 'multi_turn_miss_param', 'multi_turn_long_context'], workers=3, max_entries=all
[17:33:46] ── multi_turn_base ──
[17:33:46]   Loaded 200 entries
[17:34:21]   [1/200] multi_turn_base_1: PASS (1/1 = 100%)
[17:34:38]   [2/200] multi_turn_base_3: PASS (2/2 = 100%)
[17:34:39]   [3/200] multi_turn_base_2: PASS (3/3 = 100%)
[17:34:43]   [4/200] multi_turn_base_0: PASS (4/4 = 100%)
[17:35:00]   [5/200] multi_turn_base_4: PASS (5/5 = 100%)
[17:35:12]   [6/200] multi_turn_base_5: FAIL (5/6 = 83%) | error: Model response execution results so far does not contain all the ground truth response execution results for turn 2.
[17:35:19]   [7/200] multi_turn_base_7: PASS (6/7 = 86%)
[17:35:31]   [8/200] multi_turn_base_6: PASS (7/8 = 88%)
[17:35:45]   [9/200] multi_turn_base_9: PASS (8/9 = 89%)
[17:35:46]   [10/200] multi_turn_base_8: FAIL (8/10 = 80%) | error: Model response execution results so far does not contain all the ground truth response execution results for turn 2.
[17:36:03]   [11/200] multi_turn_base_11: PASS (9/11 = 82%)
[17:36:08]   [12/200] multi_turn_base_12: PASS (10/12 = 83%)
[17:36:15]   [13/200] multi_turn_base_10: PASS (11/13 = 85%)
[17:36:19]   [14/200] multi_turn_base_13: PASS (12/14 = 86%)
[17:36:41]   [15/200] multi_turn_base_14: PASS (13/15 = 87%)
[17:36:41]   [16/200] multi_turn_base_16: PASS (14/16 = 88%)
[17:36:50]   [17/200] multi_turn_base_15: PASS (15/17 = 88%)
[17:37:03]   [18/200] multi_turn_base_17: PASS (16/18 = 89%)
[17:37:07]   [19/200] multi_turn_base_19: PASS (17/19 = 89%)
[17:37:13]   [20/200] multi_turn_base_18: PASS (18/20 = 90%)
[17:37:24]   [21/200] multi_turn_base_20: PASS (19/21 = 90%)
[17:37:27]   [22/200] multi_turn_base_21: PASS (20/22 = 91%)
[17:37:39]   [23/200] multi_turn_base_22: PASS (21/23 = 91%)
[17:37:43]   [24/200] multi_turn_base_23: PASS (22/24 = 92%)
[17:37:57]   [25/200] multi_turn_base_25: FAIL (22/25 = 88%) | error: Model response execution results so far does not contain all the ground truth response execution results for turn 2.
[17:37:59]   [26/200] multi_turn_base_24: PASS (23/26 = 88%)
[17:38:00]   [27/200] multi_turn_base_26: PASS (24/27 = 89%)
[17:38:15]   [28/200] multi_turn_base_29: PASS (25/28 = 89%)
[17:38:19]   [29/200] multi_turn_base_27: PASS (26/29 = 90%)
[17:38:22]   [30/200] multi_turn_base_28: PASS (27/30 = 90%)
[17:38:36]   [31/200] multi_turn_base_30: FAIL (27/31 = 87%) | error: Model response execution results so far does not contain all the ground truth response execution results for turn 0.
[17:38:40]   [32/200] multi_turn_base_32: PASS (28/32 = 88%)
[17:38:49]   [33/200] multi_turn_base_31: FAIL (28/33 = 85%) | error: Model response execution results so far does not contain all the ground truth response execution results for turn 0.
[17:39:00]   [34/200] multi_turn_base_33: PASS (29/34 = 85%)
[17:39:04]   [35/200] multi_turn_base_34: PASS (30/35 = 86%)
[17:39:20]   [36/200] multi_turn_base_35: PASS (31/36 = 86%)
[17:39:38]   [37/200] multi_turn_base_36: PASS (32/37 = 86%)
[17:39:43]   [38/200] multi_turn_base_37: PASS (33/38 = 87%)
[17:39:53]   [39/200] multi_turn_base_38: PASS (34/39 = 87%)
[17:40:24]   [40/200] multi_turn_base_40: PASS (35/40 = 88%)
[17:40:24]   [41/200] multi_turn_base_41: PASS (36/41 = 88%)
[17:40:26]   [42/200] multi_turn_base_39: PASS (37/42 = 88%)
[17:41:00]   [43/200] multi_turn_base_44: PASS (38/43 = 88%)
[17:41:06]   [44/200] multi_turn_base_43: PASS (39/44 = 89%)
[17:41:14]   [45/200] multi_turn_base_42: FAIL (39/45 = 87%) | error: Model response execution results so far does not contain all the ground truth response execution results for turn 0.
[17:41:25]   [46/200] multi_turn_base_45: PASS (40/46 = 87%)
[17:41:31]   [47/200] multi_turn_base_46: PASS (41/47 = 87%)
[17:41:44]   [48/200] multi_turn_base_47: PASS (42/48 = 88%)
[17:41:52]   [49/200] multi_turn_base_50: PASS (43/49 = 88%)
[17:42:03]   [50/200] multi_turn_base_48: PASS (44/50 = 88%)
[17:42:19]   [51/200] multi_turn_base_49: PASS (45/51 = 88%)
[17:42:43]   [52/200] multi_turn_base_51: PASS (46/52 = 88%)
[17:43:04]   [53/200] multi_turn_base_52: PASS (47/53 = 89%)
[17:43:06]   [54/200] multi_turn_base_53: PASS (48/54 = 89%)
[17:43:18]   [55/200] multi_turn_base_54: PASS (49/55 = 89%)
[17:43:44]   [56/200] multi_turn_base_56: PASS (50/56 = 89%)
[17:43:46]   [57/200] multi_turn_base_57: PASS (51/57 = 89%)
[17:44:16]   [58/200] multi_turn_base_55: FAIL (51/58 = 88%) | error: Model response execution results so far does not contain all the ground truth response execution results for turn 2.
[17:44:28]   [59/200] multi_turn_base_58: PASS (52/59 = 88%)
[17:44:43]   [60/200] multi_turn_base_59: PASS (53/60 = 88%)
[17:45:10]   [61/200] multi_turn_base_60: PASS (54/61 = 89%)
[17:45:20]   [62/200] multi_turn_base_62: FAIL (54/62 = 87%) | error: Model response execution results so far does not contain all the ground truth response execution results for turn 0.
[17:45:31]   [63/200] multi_turn_base_61: PASS (55/63 = 87%)
[17:45:40]   [64/200] multi_turn_base_63: PASS (56/64 = 88%)
[17:45:44]   [65/200] multi_turn_base_64: PASS (57/65 = 88%)
[17:46:04]   [66/200] multi_turn_base_65: PASS (58/66 = 88%)
[17:46:16]   [67/200] multi_turn_base_66: PASS (59/67 = 88%)
[17:46:27]   [68/200] multi_turn_base_67: PASS (60/68 = 88%)
[17:46:47]   [69/200] multi_turn_base_69: PASS (61/69 = 88%)
[17:46:51]   [70/200] multi_turn_base_68: PASS (62/70 = 89%)
[17:46:54]   [71/200] multi_turn_base_70: PASS (63/71 = 89%)
[17:47:23]   [72/200] multi_turn_base_73: PASS (64/72 = 89%)
[17:47:25]   [73/200] multi_turn_base_71: PASS (65/73 = 89%)
[17:47:31]   [74/200] multi_turn_base_72: PASS (66/74 = 89%)
[17:47:50]   [75/200] multi_turn_base_76: PASS (67/75 = 89%)
[17:47:50]   [76/200] multi_turn_base_74: PASS (68/76 = 89%)
[17:48:02]   [77/200] multi_turn_base_75: FAIL (68/77 = 88%) | error: Model response execution results so far does not contain all the ground truth response execution results for turn 1.
[17:48:06]   [78/200] multi_turn_base_78: PASS (69/78 = 88%)
[17:48:10]   [79/200] multi_turn_base_77: PASS (70/79 = 89%)
[17:48:28]   [80/200] multi_turn_base_79: PASS (71/80 = 89%)
[17:48:52]   [81/200] multi_turn_base_81: FAIL (71/81 = 88%) | error: Model response execution results so far does not contain all the ground truth response execution results for turn 3.
[17:48:53]   [82/200] multi_turn_base_80: PASS (72/82 = 88%)
[17:49:05]   [83/200] multi_turn_base_82: PASS (73/83 = 88%)
[17:49:16]   [84/200] multi_turn_base_83: PASS (74/84 = 88%)
[17:49:17]   [85/200] multi_turn_base_84: PASS (75/85 = 88%)
[17:49:26]   [86/200] multi_turn_base_85: FAIL (75/86 = 87%) | error: Model response execution results so far does not contain all the ground truth response execution results for turn 0.
[17:49:41]   [87/200] multi_turn_base_87: PASS (76/87 = 87%)
[17:49:49]   [88/200] multi_turn_base_88: PASS (77/88 = 88%)
[17:49:51]   [89/200] multi_turn_base_86: PASS (78/89 = 88%)
[17:50:03]   [90/200] multi_turn_base_91: FAIL (78/90 = 87%) | error: Model response execution results so far does not contain all the ground truth response execution results for turn 0.
[17:50:06]   [91/200] multi_turn_base_89: PASS (79/91 = 87%)
[17:50:20]   [92/200] multi_turn_base_90: PASS (80/92 = 87%)
[17:50:38]   [93/200] multi_turn_base_93: PASS (81/93 = 87%)
[17:50:44]   [94/200] multi_turn_base_92: FAIL (81/94 = 86%) | error: Model response execution results so far does not contain all the ground truth response execution results for turn 4.
[17:50:52]   [95/200] multi_turn_base_94: PASS (82/95 = 86%)
[17:51:09]   [96/200] multi_turn_base_95: PASS (83/96 = 86%)
[17:51:20]   [97/200] multi_turn_base_96: PASS (84/97 = 87%)
[17:51:34]   [98/200] multi_turn_base_97: PASS (85/98 = 87%)
[17:51:36]   [99/200] multi_turn_base_98: PASS (86/99 = 87%)
[17:51:49]   [100/200] multi_turn_base_100: PASS (87/100 = 87%)
[17:51:55]   [101/200] multi_turn_base_99: FAIL (87/101 = 86%) | error: Model response execution results so far does not contain all the ground truth response execution results for turn 3.
[17:51:55]   [102/200] multi_turn_base_101: PASS (88/102 = 86%)
[17:52:12]   [103/200] multi_turn_base_104: FAIL (88/103 = 85%) | error: Model response execution results so far does not contain all the ground truth response execution results for turn 1.
[17:52:19]   [104/200] multi_turn_base_102: PASS (89/104 = 86%)
[17:52:28]   [105/200] multi_turn_base_103: PASS (90/105 = 86%)
[17:52:29]   [106/200] multi_turn_base_105: PASS (91/106 = 86%)
[17:52:44]   [107/200] multi_turn_base_106: FAIL (91/107 = 85%) | error: Model response execution results so far does not contain all the ground truth response execution results for turn 2.
[17:52:59]   [108/200] multi_turn_base_107: PASS (92/108 = 85%)
[17:53:06]   [109/200] multi_turn_base_108: PASS (93/109 = 85%)
[17:53:23]   [110/200] multi_turn_base_109: PASS (94/110 = 85%)
[17:53:33]   [111/200] multi_turn_base_111: PASS (95/111 = 86%)
[17:53:59]   [112/200] multi_turn_base_110: FAIL (95/112 = 85%) | error: Model response execution results so far does not contain all the ground truth response execution results for turn 5.
[17:54:01]   [113/200] multi_turn_base_113: PASS (96/113 = 85%)
[17:54:01]   [114/200] multi_turn_base_112: PASS (97/114 = 85%)
[17:54:42]   [115/200] multi_turn_base_115: PASS (98/115 = 85%)
[17:54:50]   [116/200] multi_turn_base_114: PASS (99/116 = 85%)
[17:55:09]   [117/200] multi_turn_base_116: PASS (100/117 = 85%)
[17:55:39]   [118/200] multi_turn_base_118: PASS (101/118 = 86%)
[17:55:49]   [119/200] multi_turn_base_117: PASS (102/119 = 86%)
[17:55:54]   [120/200] multi_turn_base_119: PASS (103/120 = 86%)
[17:56:15]   [121/200] multi_turn_base_120: PASS (104/121 = 86%)
[17:56:24]   [122/200] multi_turn_base_122: PASS (105/122 = 86%)
[17:56:32]   [123/200] multi_turn_base_121: FAIL (105/123 = 85%) | error: Model response execution results so far does not contain all the ground truth response execution results for turn 3.
[17:56:54]   [124/200] multi_turn_base_123: PASS (106/124 = 85%)
[17:56:58]   [125/200] multi_turn_base_124: PASS (107/125 = 86%)
[17:57:32]   [126/200] multi_turn_base_126: PASS (108/126 = 86%)
[17:57:34]   [127/200] multi_turn_base_127: PASS (109/127 = 86%)
[17:57:36]   [128/200] multi_turn_base_125: FAIL (109/128 = 85%) | error: Model response execution results so far does not contain all the ground truth response execution results for turn 3.
[17:58:09]   [129/200] multi_turn_base_128: PASS (110/129 = 85%)
[17:58:10]   [130/200] multi_turn_base_130: PASS (111/130 = 85%)
[17:58:15]   [131/200] multi_turn_base_129: PASS (112/131 = 85%)
[17:58:34]   [132/200] multi_turn_base_132: PASS (113/132 = 86%)
[17:58:48]   [133/200] multi_turn_base_133: PASS (114/133 = 86%)
[17:59:13]   [134/200] multi_turn_base_134: PASS (115/134 = 86%)
[17:59:17]   [135/200] multi_turn_base_131: PASS (116/135 = 86%)
[17:59:19]   [136/200] multi_turn_base_135: PASS (117/136 = 86%)
[17:59:50]   [137/200] multi_turn_base_137: PASS (118/137 = 86%)
[17:59:51]   [138/200] multi_turn_base_136: PASS (119/138 = 86%)
[18:00:04]   [139/200] multi_turn_base_139: PASS (120/139 = 86%)
[18:00:26]   [140/200] multi_turn_base_140: PASS (121/140 = 86%)
[18:00:29]   [141/200] multi_turn_base_138: PASS (122/141 = 87%)
[18:00:46]   [142/200] multi_turn_base_141: PASS (123/142 = 87%)
[18:00:58]   [143/200] multi_turn_base_142: PASS (124/143 = 87%)
[18:01:00]   [144/200] multi_turn_base_144: PASS (125/144 = 87%)
[18:01:09]   [145/200] multi_turn_base_143: PASS (126/145 = 87%)
[18:01:20]   [146/200] multi_turn_base_146: PASS (127/146 = 87%)
[18:01:26]   [147/200] multi_turn_base_147: PASS (128/147 = 87%)
[18:01:37]   [148/200] multi_turn_base_145: FAIL (128/148 = 86%) | error: Model response execution results so far does not contain all the ground truth response execution results for turn 3.
[18:01:55]   [149/200] multi_turn_base_150: PASS (129/149 = 87%)
[18:01:59]   [150/200] multi_turn_base_149: PASS (130/150 = 87%)
[18:02:04]   [151/200] multi_turn_base_148: PASS (131/151 = 87%)
[18:02:26]   [152/200] multi_turn_base_151: PASS (132/152 = 87%)
[18:02:28]   [153/200] multi_turn_base_152: PASS (133/153 = 87%)
[18:02:41]   [154/200] multi_turn_base_153: PASS (134/154 = 87%)
[18:02:45]   [155/200] multi_turn_base_155: PASS (135/155 = 87%)
[18:03:04]   [156/200] multi_turn_base_157: PASS (136/156 = 87%)
[18:03:11]   [157/200] multi_turn_base_154: PASS (137/157 = 87%)
[18:03:31]   [158/200] multi_turn_base_158: PASS (138/158 = 87%)
[18:03:34]   [159/200] multi_turn_base_156: FAIL (138/159 = 87%) | error: Model response execution results so far does not contain all the ground truth response execution results for turn 3.
[18:03:35]   [160/200] multi_turn_base_159: PASS (139/160 = 87%)
[18:03:56]   [161/200] multi_turn_base_161: PASS (140/161 = 87%)
[18:04:14]   [162/200] multi_turn_base_160: PASS (141/162 = 87%)
[18:04:24]   [163/200] multi_turn_base_163: PASS (142/163 = 87%)
[18:04:58]   [164/200] multi_turn_base_162: PASS (143/164 = 87%)
[18:05:11]   [165/200] multi_turn_base_164: PASS (144/165 = 87%)
[18:05:22]   [166/200] multi_turn_base_165: PASS (145/166 = 87%)
[18:05:59]   [167/200] multi_turn_base_166: PASS (146/167 = 87%)
[18:06:14]   [168/200] multi_turn_base_168: PASS (147/168 = 88%)
[18:06:16]   [169/200] multi_turn_base_167: PASS (148/169 = 88%)
[18:06:37]   [170/200] multi_turn_base_169: PASS (149/170 = 88%)
[18:07:14]   [171/200] multi_turn_base_171: FAIL (149/171 = 87%) | error: Model response execution results so far does not contain all the ground truth response execution results for turn 0.
[18:07:19]   [172/200] multi_turn_base_172: PASS (150/172 = 87%)
[18:07:29]   [173/200] multi_turn_base_170: FAIL (150/173 = 87%) | error: Model response execution results so far does not contain all the ground truth response execution results for turn 4.
[18:07:44]   [174/200] multi_turn_base_173: FAIL (150/174 = 86%) | error: Model response execution results so far does not contain all the ground truth response execution results for turn 3.
[18:08:10]   [175/200] multi_turn_base_176: PASS (151/175 = 86%)
[18:08:10]   [176/200] multi_turn_base_175: PASS (152/176 = 86%)
[18:08:21]   [177/200] multi_turn_base_174: PASS (153/177 = 86%)
[18:08:39]   [178/200] multi_turn_base_177: PASS (154/178 = 87%)
[18:09:08]   [179/200] multi_turn_base_179: FAIL (154/179 = 86%) | error: Model response execution results so far does not contain all the ground truth response execution results for turn 0.
[18:09:11]   [180/200] multi_turn_base_178: PASS (155/180 = 86%)
[18:09:29]   [181/200] multi_turn_base_182: PASS (156/181 = 86%)
[18:10:05]   [182/200] multi_turn_base_180: FAIL (156/182 = 86%) | error: Model response execution results so far does not contain all the ground truth response execution results for turn 0.
[18:10:34]   [183/200] multi_turn_base_183: PASS (157/183 = 86%)
[18:10:53]   [184/200] multi_turn_base_181: FAIL (157/184 = 85%) | error: Model response execution results so far does not contain all the ground truth response execution results for turn 4.
[18:10:58]   [185/200] multi_turn_base_184: PASS (158/185 = 85%)
[18:11:03]   [186/200] multi_turn_base_185: PASS (159/186 = 85%)
[18:11:44]   [187/200] multi_turn_base_188: FAIL (159/187 = 85%) | error: Model response execution results so far does not contain all the ground truth response execution results for turn 4.
[18:11:50]   [188/200] multi_turn_base_186: PASS (160/188 = 85%)
[18:11:50]   [189/200] multi_turn_base_187: FAIL (160/189 = 85%) | error: Model response execution results so far does not contain all the ground truth response execution results for turn 3.
[18:12:13]   [190/200] multi_turn_base_189: PASS (161/190 = 85%)
[18:12:21]   [191/200] multi_turn_base_191: PASS (162/191 = 85%)
[18:12:31]   [192/200] multi_turn_base_190: PASS (163/192 = 85%)
[18:12:47]   [193/200] multi_turn_base_192: PASS (164/193 = 85%)
[18:12:56]   [194/200] multi_turn_base_193: PASS (165/194 = 85%)
[18:13:17]   [195/200] multi_turn_base_195: FAIL (165/195 = 85%) | error: Model response execution results so far does not contain all the ground truth response execution results for turn 2.
[18:13:22]   [196/200] multi_turn_base_194: PASS (166/196 = 85%)
[18:13:37]   [197/200] multi_turn_base_198: PASS (167/197 = 85%)
[18:13:44]   [198/200] multi_turn_base_196: FAIL (167/198 = 84%) | error: Model response execution results so far does not contain all the ground truth response execution results for turn 4.
[18:13:47]   [199/200] multi_turn_base_197: PASS (168/199 = 84%)
[18:14:17]   [200/200] multi_turn_base_199: PASS (169/200 = 84%)
[18:14:17]   multi_turn_base: 169/200 (84.5%) in 2431s | cost=$71.99
[18:14:17] ── multi_turn_miss_func ──
[18:14:17]   Loaded 200 entries
[18:14:45]   [1/200] multi_turn_miss_func_1: PASS (1/1 = 100%)
[18:14:57]   [2/200] multi_turn_miss_func_2: PASS (2/2 = 100%)
[18:15:05]   [3/200] multi_turn_miss_func_3: PASS (3/3 = 100%)
[18:15:08]   [4/200] multi_turn_miss_func_0: PASS (4/4 = 100%)
[18:15:18]   [5/200] multi_turn_miss_func_4: PASS (5/5 = 100%)
[18:15:35]   [6/200] multi_turn_miss_func_5: FAIL (5/6 = 83%) | error: Model response execution results so far does not contain all the ground truth response execution results for turn 3.
[18:15:37]   [7/200] multi_turn_miss_func_7: PASS (6/7 = 86%)
[18:15:44]   [8/200] multi_turn_miss_func_6: PASS (7/8 = 88%)
[18:16:02]   [9/200] multi_turn_miss_func_9: PASS (8/9 = 89%)
[18:16:13]   [10/200] multi_turn_miss_func_10: PASS (9/10 = 90%)
[18:16:17]   [11/200] multi_turn_miss_func_8: FAIL (9/11 = 82%) | error: Model response execution results so far does not contain all the ground truth response execution results for turn 3.
[18:16:21]   [12/200] multi_turn_miss_func_11: PASS (10/12 = 83%)
[18:16:44]   [13/200] multi_turn_miss_func_12: PASS (11/13 = 85%)
[18:16:44]   [14/200] multi_turn_miss_func_13: PASS (12/14 = 86%)
[18:17:15]   [15/200] multi_turn_miss_func_14: FAIL (12/15 = 80%) | error: Model response execution results so far does not contain all the ground truth response execution results for turn 4.
[18:17:30]   [16/200] multi_turn_miss_func_16: PASS (13/16 = 81%)
[18:17:44]   [17/200] multi_turn_miss_func_15: PASS (14/17 = 82%)
[18:18:00]   [18/200] multi_turn_miss_func_17: PASS (15/18 = 83%)
[18:18:23]   [19/200] multi_turn_miss_func_19: PASS (16/19 = 84%)
[18:18:33]   [20/200] multi_turn_miss_func_18: PASS (17/20 = 85%)
[18:18:35]   [21/200] multi_turn_miss_func_20: PASS (18/21 = 86%)
[18:18:57]   [22/200] multi_turn_miss_func_21: PASS (19/22 = 86%)
[18:19:13]   [23/200] multi_turn_miss_func_23: PASS (20/23 = 87%)
[18:19:21]   [24/200] multi_turn_miss_func_22: PASS (21/24 = 88%)
[18:19:43]   [25/200] multi_turn_miss_func_24: PASS (22/25 = 88%)
[18:19:52]   [26/200] multi_turn_miss_func_25: FAIL (22/26 = 85%) | error: Model response execution results so far does not contain all the ground truth response execution results for turn 3.
[18:19:59]   [27/200] multi_turn_miss_func_26: PASS (23/27 = 85%)
[18:20:23]   [28/200] multi_turn_miss_func_27: PASS (24/28 = 86%)
[18:20:26]   [29/200] multi_turn_miss_func_28: PASS (25/29 = 86%)
[18:20:29]   [30/200] multi_turn_miss_func_29: PASS (26/30 = 87%)
[18:20:58]   [31/200] multi_turn_miss_func_30: FAIL (26/31 = 84%) | error: Model response execution results so far does not contain all the ground truth response execution results for turn 1.
[18:21:01]   [32/200] multi_turn_miss_func_32: PASS (27/32 = 84%)
[18:21:21]   [33/200] multi_turn_miss_func_31: FAIL (27/33 = 82%) | error: Model response execution results so far does not contain all the ground truth response execution results for turn 1.
[18:21:32]   [34/200] multi_turn_miss_func_34: FAIL (27/34 = 79%) | error: Model response execution results so far does not contain all the ground truth response execution results for turn 2.
[18:21:37]   [35/200] multi_turn_miss_func_33: PASS (28/35 = 80%)
[18:22:05]   [36/200] multi_turn_miss_func_36: PASS (29/36 = 81%)
[18:22:07]   [37/200] multi_turn_miss_func_35: PASS (30/37 = 81%)
[18:22:12]   [38/200] multi_turn_miss_func_37: PASS (31/38 = 82%)
[18:22:33]   [39/200] multi_turn_miss_func_38: PASS (32/39 = 82%)
[18:22:41]   [40/200] multi_turn_miss_func_39: PASS (33/40 = 82%)
[18:22:44]   [41/200] multi_turn_miss_func_40: PASS (34/41 = 83%)
[18:23:08]   [42/200] multi_turn_miss_func_41: FAIL (34/42 = 81%) | error: Model response execution results so far does not contain all the ground truth response execution results for turn 1.
[18:23:14]   [43/200] multi_turn_miss_func_42: PASS (35/43 = 81%)
[18:23:16]   [44/200] multi_turn_miss_func_43: PASS (36/44 = 82%)
[18:23:36]   [45/200] multi_turn_miss_func_46: PASS (37/45 = 82%)
[18:23:37]   [46/200] multi_turn_miss_func_45: PASS (38/46 = 83%)
[18:23:53]   [47/200] multi_turn_miss_func_44: PASS (39/47 = 83%)
[18:24:02]   [48/200] multi_turn_miss_func_47: FAIL (39/48 = 81%) | error: Model response execution results so far does not contain all the ground truth response execution results for turn 2.
[18:24:11]   [49/200] multi_turn_miss_func_48: PASS (40/49 = 82%)
[18:24:14]   [50/200] multi_turn_miss_func_49: FAIL (40/50 = 80%) | error: Model response execution results so far does not contain all the ground truth response execution results for turn 1.
[18:24:14]   [51/200] multi_turn_miss_func_50: PASS (41/51 = 80%)
[18:24:45]   [52/200] multi_turn_miss_func_51: PASS (42/52 = 81%)
[18:24:49]   [53/200] multi_turn_miss_func_53: PASS (43/53 = 81%)
[18:25:00]   [54/200] multi_turn_miss_func_52: PASS (44/54 = 81%)
[18:25:19]   [55/200] multi_turn_miss_func_54: PASS (45/55 = 82%)
[18:25:35]   [56/200] multi_turn_miss_func_56: PASS (46/56 = 82%)
[18:25:41]   [57/200] multi_turn_miss_func_57: PASS (47/57 = 82%)
[18:25:56]   [58/200] multi_turn_miss_func_55: FAIL (47/58 = 81%) | error: Model response execution results so far does not contain all the ground truth response execution results for turn 3.
[18:26:18]   [59/200] multi_turn_miss_func_58: FAIL (47/59 = 80%) | error: Model response execution results so far does not contain all the ground truth response execution results for turn 1.
[18:26:21]   [60/200] multi_turn_miss_func_59: PASS (48/60 = 80%)
[18:26:42]   [61/200] multi_turn_miss_func_60: PASS (49/61 = 80%)
[18:26:50]   [62/200] multi_turn_miss_func_62: FAIL (49/62 = 79%) | error: Model response execution results so far does not contain all the ground truth response execution results for turn 1.
[18:27:01]   [63/200] multi_turn_miss_func_61: PASS (50/63 = 79%)
[18:27:17]   [64/200] multi_turn_miss_func_63: PASS (51/64 = 80%)
[18:27:18]   [65/200] multi_turn_miss_func_64: PASS (52/65 = 80%)
[18:27:30]   [66/200] multi_turn_miss_func_65: PASS (53/66 = 80%)
[18:27:58]   [67/200] multi_turn_miss_func_66: PASS (54/67 = 81%)
[18:27:59]   [68/200] multi_turn_miss_func_67: PASS (55/68 = 81%)
[18:28:13]   [69/200] multi_turn_miss_func_68: FAIL (55/69 = 80%) | error: Model response execution results so far does not contain all the ground truth response execution results for turn 2.
[18:28:26]   [70/200] multi_turn_miss_func_69: PASS (56/70 = 80%)
[18:28:31]   [71/200] multi_turn_miss_func_70: PASS (57/71 = 80%)
[18:28:51]   [72/200] multi_turn_miss_func_71: PASS (58/72 = 81%)
[18:29:09]   [73/200] multi_turn_miss_func_73: PASS (59/73 = 81%)
[18:29:23]   [74/200] multi_turn_miss_func_72: PASS (60/74 = 81%)
[18:29:44]   [75/200] multi_turn_miss_func_74: PASS (61/75 = 81%)
[18:29:56]   [76/200] multi_turn_miss_func_76: PASS (62/76 = 82%)
[18:30:22]   [77/200] multi_turn_miss_func_77: PASS (63/77 = 82%)
[18:30:25]   [78/200] multi_turn_miss_func_75: FAIL (63/78 = 81%) | error: Model response execution results so far does not contain all the ground truth response execution results for turn 1.
[18:30:31]   [79/200] multi_turn_miss_func_78: PASS (64/79 = 81%)
[18:31:04]   [80/200] multi_turn_miss_func_79: PASS (65/80 = 81%)
[18:31:29]   [81/200] multi_turn_miss_func_80: PASS (66/81 = 81%)
[18:31:38]   [82/200] multi_turn_miss_func_81: FAIL (66/82 = 80%) | error: Model response execution results so far does not contain all the ground truth response execution results for turn 4.
[18:32:06]   [83/200] multi_turn_miss_func_82: PASS (67/83 = 81%)
[18:32:08]   [84/200] multi_turn_miss_func_84: PASS (68/84 = 81%)
[18:32:15]   [85/200] multi_turn_miss_func_83: PASS (69/85 = 81%)
[18:32:44]   [86/200] multi_turn_miss_func_85: FAIL (69/86 = 80%) | error: Model response execution results so far does not contain all the ground truth response execution results for turn 0.
[18:32:51]   [87/200] multi_turn_miss_func_86: PASS (70/87 = 80%)
[18:32:56]   [88/200] multi_turn_miss_func_87: PASS (71/88 = 81%)
[18:33:29]   [89/200] multi_turn_miss_func_89: PASS (72/89 = 81%)
[18:33:35]   [90/200] multi_turn_miss_func_88: PASS (73/90 = 81%)
[18:33:44]   [91/200] multi_turn_miss_func_90: PASS (74/91 = 81%)
[18:33:56]   [92/200] multi_turn_miss_func_91: PASS (75/92 = 82%)
[18:34:23]   [93/200] multi_turn_miss_func_92: FAIL (75/93 = 81%) | error: Model response execution results so far does not contain all the ground truth response execution results for turn 5.
[18:34:28]   [94/200] multi_turn_miss_func_94: PASS (76/94 = 81%)
[18:34:29]   [95/200] multi_turn_miss_func_93: PASS (77/95 = 81%)
[18:35:06]   [96/200] multi_turn_miss_func_96: PASS (78/96 = 81%)
[18:35:11]   [97/200] multi_turn_miss_func_95: PASS (79/97 = 81%)
[18:35:25]   [98/200] multi_turn_miss_func_97: PASS (80/98 = 82%)
[18:35:47]   [99/200] multi_turn_miss_func_98: PASS (81/99 = 82%)
[18:35:56]   [100/200] multi_turn_miss_func_100: PASS (82/100 = 82%)
[18:35:59]   [101/200] multi_turn_miss_func_99: PASS (83/101 = 82%)
[18:36:06]   [102/200] multi_turn_miss_func_101: PASS (84/102 = 82%)
[18:36:29]   [103/200] multi_turn_miss_func_102: PASS (85/103 = 83%)
[18:36:34]   [104/200] multi_turn_miss_func_104: FAIL (85/104 = 82%) | error: Model response execution results so far does not contain all the ground truth response execution results for turn 2.
[18:36:36]   [105/200] multi_turn_miss_func_103: PASS (86/105 = 82%)
[18:36:48]   [106/200] multi_turn_miss_func_105: PASS (87/106 = 82%)
[18:37:12]   [107/200] multi_turn_miss_func_106: PASS (88/107 = 82%)
[18:37:19]   [108/200] multi_turn_miss_func_107: PASS (89/108 = 82%)
[18:37:34]   [109/200] multi_turn_miss_func_108: PASS (90/109 = 83%)
[18:37:58]   [110/200] multi_turn_miss_func_109: PASS (91/110 = 83%)
[18:38:13]   [111/200] multi_turn_miss_func_111: PASS (92/111 = 83%)
[18:38:14]   [112/200] multi_turn_miss_func_110: FAIL (92/112 = 82%) | error: Model response execution results so far does not contain all the ground truth response execution results for turn 6.
[18:38:33]   [113/200] multi_turn_miss_func_113: PASS (93/113 = 82%)
[18:38:41]   [114/200] multi_turn_miss_func_112: PASS (94/114 = 82%)
[18:38:47]   [115/200] multi_turn_miss_func_114: PASS (95/115 = 83%)
[18:39:03]   [116/200] multi_turn_miss_func_115: PASS (96/116 = 83%)
[18:39:16]   [117/200] multi_turn_miss_func_116: PASS (97/117 = 83%)
[18:39:34]   [118/200] multi_turn_miss_func_117: PASS (98/118 = 83%)
[18:39:42]   [119/200] multi_turn_miss_func_119: PASS (99/119 = 83%)
[18:39:44]   [120/200] multi_turn_miss_func_118: FAIL (99/120 = 82%) | error: Model response execution results so far does not contain all the ground truth response execution results for turn 3.
[18:40:00]   [121/200] multi_turn_miss_func_120: PASS (100/121 = 83%)
[18:40:13]   [122/200] multi_turn_miss_func_121: FAIL (100/122 = 82%) | error: Model response execution results so far does not contain all the ground truth response execution results for turn 4.
[18:40:28]   [123/200] multi_turn_miss_func_122: PASS (101/123 = 82%)
[18:40:51]   [124/200] multi_turn_miss_func_123: PASS (102/124 = 82%)
[18:40:52]   [125/200] multi_turn_miss_func_124: PASS (103/125 = 82%)
[18:41:33]   [126/200] multi_turn_miss_func_126: PASS (104/126 = 83%)
[18:41:36]   [127/200] multi_turn_miss_func_125: FAIL (104/127 = 82%) | error: Model response execution results so far does not contain all the ground truth response execution results for turn 4.
[18:41:47]   [128/200] multi_turn_miss_func_127: PASS (105/128 = 82%)
[18:42:18]   [129/200] multi_turn_miss_func_128: PASS (106/129 = 82%)
[18:42:32]   [130/200] multi_turn_miss_func_130: PASS (107/130 = 82%)
[18:42:35]   [131/200] multi_turn_miss_func_129: PASS (108/131 = 82%)
[18:43:09]   [132/200] multi_turn_miss_func_132: PASS (109/132 = 83%)
[18:43:18]   [133/200] multi_turn_miss_func_133: FAIL (109/133 = 82%) | error: Model response execution results so far does not contain all the ground truth response execution results for turn 1.
[18:43:22]   [134/200] multi_turn_miss_func_131: PASS (110/134 = 82%)
[18:43:52]   [135/200] multi_turn_miss_func_134: FAIL (110/135 = 81%) | error: Model response execution results so far does not contain all the ground truth response execution results for turn 2.
[18:43:56]   [136/200] multi_turn_miss_func_135: PASS (111/136 = 82%)
[18:44:06]   [137/200] multi_turn_miss_func_136: PASS (112/137 = 82%)
[18:44:26]   [138/200] multi_turn_miss_func_139: PASS (113/138 = 82%)
[18:44:31]   [139/200] multi_turn_miss_func_137: PASS (114/139 = 82%)
[18:44:59]   [140/200] multi_turn_miss_func_138: PASS (115/140 = 82%)
[18:45:17]   [141/200] multi_turn_miss_func_140: FAIL (115/141 = 82%) | error: Model response execution results so far does not contain all the ground truth response execution results for turn 3.
[18:45:25]   [142/200] multi_turn_miss_func_141: PASS (116/142 = 82%)
[18:45:36]   [143/200] multi_turn_miss_func_142: PASS (117/143 = 82%)
[18:45:47]   [144/200] multi_turn_miss_func_144: PASS (118/144 = 82%)
[18:46:02]   [145/200] multi_turn_miss_func_143: PASS (119/145 = 82%)
[18:46:17]   [146/200] multi_turn_miss_func_145: FAIL (119/146 = 82%) | error: Model response execution results so far does not contain all the ground truth response execution results for turn 4.
[18:46:18]   [147/200] multi_turn_miss_func_146: PASS (120/147 = 82%)
[18:46:39]   [148/200] multi_turn_miss_func_147: FAIL (120/148 = 81%) | error: Model response execution results so far does not contain all the ground truth response execution results for turn 1.
[18:46:57]   [149/200] multi_turn_miss_func_149: PASS (121/149 = 81%)
[18:46:58]   [150/200] multi_turn_miss_func_148: PASS (122/150 = 81%)
[18:47:05]   [151/200] multi_turn_miss_func_150: PASS (123/151 = 81%)
[18:47:38]   [152/200] multi_turn_miss_func_152: FAIL (123/152 = 81%) | error: Model response execution results so far does not contain all the ground truth response execution results for turn 3.
[18:47:47]   [153/200] multi_turn_miss_func_151: PASS (124/153 = 81%)
[18:47:51]   [154/200] multi_turn_miss_func_153: PASS (125/154 = 81%)
[18:48:09]   [155/200] multi_turn_miss_func_155: PASS (126/155 = 81%)
[18:48:29]   [156/200] multi_turn_miss_func_154: PASS (127/156 = 81%)
[18:48:32]   [157/200] multi_turn_miss_func_157: PASS (128/157 = 82%)
[18:48:39]   [158/200] multi_turn_miss_func_156: FAIL (128/158 = 81%) | error: Model response execution results so far does not contain all the ground truth response execution results for turn 4.
[18:48:54]   [159/200] multi_turn_miss_func_158: PASS (129/159 = 81%)
[18:49:01]   [160/200] multi_turn_miss_func_159: PASS (130/160 = 81%)
[18:49:35]   [161/200] multi_turn_miss_func_160: FAIL (130/161 = 81%) | error: Model response execution results so far does not contain all the ground truth response execution results for turn 2.
[18:49:58]   [162/200] multi_turn_miss_func_161: PASS (131/162 = 81%)
[18:50:08]   [163/200] multi_turn_miss_func_163: PASS (132/163 = 81%)
[18:50:29]   [164/200] multi_turn_miss_func_162: PASS (133/164 = 81%)
[18:50:51]   [165/200] multi_turn_miss_func_164: PASS (134/165 = 81%)
[18:51:08]   [166/200] multi_turn_miss_func_165: PASS (135/166 = 81%)
[18:51:37]   [167/200] multi_turn_miss_func_166: PASS (136/167 = 81%)
[18:51:52]   [168/200] multi_turn_miss_func_167: PASS (137/168 = 82%)
[18:51:55]   [169/200] multi_turn_miss_func_168: PASS (138/169 = 82%)
[18:52:22]   [170/200] multi_turn_miss_func_169: PASS (139/170 = 82%)
[18:52:53]   [171/200] multi_turn_miss_func_171: PASS (140/171 = 82%)
[18:52:54]   [172/200] multi_turn_miss_func_170: FAIL (140/172 = 81%) | error: Model response execution results so far does not contain all the ground truth response execution results for turn 5.
[18:53:04]   [173/200] multi_turn_miss_func_172: PASS (141/173 = 82%)
[18:53:36]   [174/200] multi_turn_miss_func_173: FAIL (141/174 = 81%) | error: Model response execution results so far does not contain all the ground truth response execution results for turn 2.
[18:53:37]   [175/200] multi_turn_miss_func_175: FAIL (141/175 = 81%) | error: Model response execution results so far does not contain all the ground truth response execution results for turn 2.
[18:54:00]   [176/200] multi_turn_miss_func_174: PASS (142/176 = 81%)
[18:54:19]   [177/200] multi_turn_miss_func_176: FAIL (142/177 = 80%) | error: Model response execution results so far does not contain all the ground truth response execution results for turn 1.
[18:54:21]   [178/200] multi_turn_miss_func_177: FAIL (142/178 = 80%) | error: Model response execution results so far does not contain all the ground truth response execution results for turn 2.
[18:54:50]   [179/200] multi_turn_miss_func_178: FAIL (142/179 = 79%) | error: Model response execution results so far does not contain all the ground truth response execution results for turn 0.
[18:55:03]   [180/200] multi_turn_miss_func_179: PASS (143/180 = 79%)
[18:55:21]   [181/200] multi_turn_miss_func_182: PASS (144/181 = 80%)
[18:55:34]   [182/200] multi_turn_miss_func_180: FAIL (144/182 = 79%) | error: Model response execution results so far does not contain all the ground truth response execution results for turn 6.
[18:56:04]   [183/200] multi_turn_miss_func_181: FAIL (144/183 = 79%) | error: Model response execution results so far does not contain all the ground truth response execution results for turn 1.
[18:56:12]   [184/200] multi_turn_miss_func_183: PASS (145/184 = 79%)
[18:56:22]   [185/200] multi_turn_miss_func_184: PASS (146/185 = 79%)
[18:56:36]   [186/200] multi_turn_miss_func_185: FAIL (146/186 = 78%) | error: Model response execution results so far does not contain all the ground truth response execution results for turn 1.
[18:57:08]   [187/200] multi_turn_miss_func_186: PASS (147/187 = 79%)
[18:57:15]   [188/200] multi_turn_miss_func_188: FAIL (147/188 = 78%) | error: Model response execution results so far does not contain all the ground truth response execution results for turn 5.
[18:57:15]   [189/200] multi_turn_miss_func_187: FAIL (147/189 = 78%) | error: Model response execution results so far does not contain all the ground truth response execution results for turn 4.
[18:57:44]   [190/200] multi_turn_miss_func_191: PASS (148/190 = 78%)
[18:57:45]   [191/200] multi_turn_miss_func_189: PASS (149/191 = 78%)
[18:57:54]   [192/200] multi_turn_miss_func_190: PASS (150/192 = 78%)
[18:58:18]   [193/200] multi_turn_miss_func_193: PASS (151/193 = 78%)
[18:58:20]   [194/200] multi_turn_miss_func_192: PASS (152/194 = 78%)
[18:58:49]   [195/200] multi_turn_miss_func_194: PASS (153/195 = 78%)
[18:59:04]   [196/200] multi_turn_miss_func_195: FAIL (153/196 = 78%) | error: Model response execution results so far does not contain all the ground truth response execution results for turn 3.
[18:59:30]   [197/200] multi_turn_miss_func_196: FAIL (153/197 = 78%) | error: Model response execution results so far does not contain all the ground truth response execution results for turn 5.
[18:59:32]   [198/200] multi_turn_miss_func_198: FAIL (153/198 = 77%) | error: Model response execution results so far does not contain all the ground truth response execution results for turn 1.
[18:59:36]   [199/200] multi_turn_miss_func_197: PASS (154/199 = 77%)
[19:00:31]   [200/200] multi_turn_miss_func_199: PASS (155/200 = 78%)
[19:00:31]   multi_turn_miss_func: 155/200 (77.5%) in 2774s | cost=$67.67
[19:00:31] ── multi_turn_miss_param ──
[19:00:31]   Loaded 200 entries
[19:01:14]   [1/200] multi_turn_miss_param_1: PASS (1/1 = 100%)
[19:01:21]   [2/200] multi_turn_miss_param_2: PASS (2/2 = 100%)
[19:01:35]   [3/200] multi_turn_miss_param_0: PASS (3/3 = 100%)
[19:01:36]   [4/200] multi_turn_miss_param_3: PASS (4/4 = 100%)
[19:01:48]   [5/200] multi_turn_miss_param_4: PASS (5/5 = 100%)
[19:02:06]   [6/200] multi_turn_miss_param_5: FAIL (5/6 = 83%) | error: Model response execution results so far does not contain all the ground truth response execution results for turn 2.
[19:02:11]   [7/200] multi_turn_miss_param_7: PASS (6/7 = 86%)
[19:02:17]   [8/200] multi_turn_miss_param_6: PASS (7/8 = 88%)
[19:02:41]   [9/200] multi_turn_miss_param_8: FAIL (7/9 = 78%) | error: Model response execution results so far does not contain all the ground truth response execution results for turn 2.
[19:02:49]   [10/200] multi_turn_miss_param_9: PASS (8/10 = 80%)
[19:02:56]   [11/200] multi_turn_miss_param_10: PASS (9/11 = 82%)
[19:02:59]   [12/200] multi_turn_miss_param_11: PASS (10/12 = 83%)
[19:03:11]   [13/200] multi_turn_miss_param_12: PASS (11/13 = 85%)
[19:03:13]   [14/200] multi_turn_miss_param_13: PASS (12/14 = 86%)
[19:03:46]   [15/200] multi_turn_miss_param_14: PASS (13/15 = 87%)
[19:04:11]   [16/200] multi_turn_miss_param_16: FAIL (13/16 = 81%) | error: Model response execution results so far does not contain all the ground truth response execution results for turn 1.
[19:04:14]   [17/200] multi_turn_miss_param_15: PASS (14/17 = 82%)
[19:04:22]   [18/200] multi_turn_miss_param_17: PASS (15/18 = 83%)
[19:04:57]   [19/200] multi_turn_miss_param_20: PASS (16/19 = 84%)
[19:05:04]   [20/200] multi_turn_miss_param_19: PASS (17/20 = 85%)
[19:05:14]   [21/200] multi_turn_miss_param_18: PASS (18/21 = 86%)
[19:05:35]   [22/200] multi_turn_miss_param_21: PASS (19/22 = 86%)
[19:05:42]   [23/200] multi_turn_miss_param_23: PASS (20/23 = 87%)
[19:05:52]   [24/200] multi_turn_miss_param_22: PASS (21/24 = 88%)
[19:06:06]   [25/200] multi_turn_miss_param_25: FAIL (21/25 = 84%) | error: Model response execution results so far does not contain all the ground truth response execution results for turn 3.
[19:06:12]   [26/200] multi_turn_miss_param_24: PASS (22/26 = 85%)
[19:06:16]   [27/200] multi_turn_miss_param_26: PASS (23/27 = 85%)
[19:06:44]   [28/200] multi_turn_miss_param_29: PASS (24/28 = 86%)
[19:06:56]   [29/200] multi_turn_miss_param_28: PASS (25/29 = 86%)
[19:07:11]   [30/200] multi_turn_miss_param_27: PASS (26/30 = 87%)
[19:07:24]   [31/200] multi_turn_miss_param_30: FAIL (26/31 = 84%) | error: Model response execution results so far does not contain all the ground truth response execution results for turn 0.
[19:07:50]   [32/200] multi_turn_miss_param_32: FAIL (26/32 = 81%) | error: Model response execution results so far does not contain all the ground truth response execution results for turn 2.
[19:07:56]   [33/200] multi_turn_miss_param_31: FAIL (26/33 = 79%) | error: Model response execution results so far does not contain all the ground truth response execution results for turn 0.
[19:08:24]   [34/200] multi_turn_miss_param_34: PASS (27/34 = 79%)
[19:08:29]   [35/200] multi_turn_miss_param_33: PASS (28/35 = 80%)
[19:08:47]   [36/200] multi_turn_miss_param_35: PASS (29/36 = 81%)
[19:09:02]   [37/200] multi_turn_miss_param_36: PASS (30/37 = 81%)
[19:09:06]   [38/200] multi_turn_miss_param_37: PASS (31/38 = 82%)
[19:09:08]   [39/200] multi_turn_miss_param_38: PASS (32/39 = 82%)
[19:09:34]   [40/200] multi_turn_miss_param_40: PASS (33/40 = 82%)
[19:09:35]   [41/200] multi_turn_miss_param_41: PASS (34/41 = 83%)
[19:09:35]   [42/200] multi_turn_miss_param_39: PASS (35/42 = 83%)
[19:10:11]   [43/200] multi_turn_miss_param_42: PASS (36/43 = 84%)
[19:10:13]   [44/200] multi_turn_miss_param_44: PASS (37/44 = 84%)
[19:10:17]   [45/200] multi_turn_miss_param_43: PASS (38/45 = 84%)
[19:10:46]   [46/200] multi_turn_miss_param_46: PASS (39/46 = 85%)
[19:10:54]   [47/200] multi_turn_miss_param_45: PASS (40/47 = 85%)
[19:11:04]   [48/200] multi_turn_miss_param_47: PASS (41/48 = 85%)
[19:11:25]   [49/200] multi_turn_miss_param_50: PASS (42/49 = 86%)
[19:11:41]   [50/200] multi_turn_miss_param_48: PASS (43/50 = 86%)
[19:11:51]   [51/200] multi_turn_miss_param_49: PASS (44/51 = 86%)
[19:12:15]   [52/200] multi_turn_miss_param_51: PASS (45/52 = 87%)
[19:12:31]   [53/200] multi_turn_miss_param_52: PASS (46/53 = 87%)
[19:12:36]   [54/200] multi_turn_miss_param_53: PASS (47/54 = 87%)
[19:12:49]   [55/200] multi_turn_miss_param_54: PASS (48/55 = 87%)
[19:13:07]   [56/200] multi_turn_miss_param_56: PASS (49/56 = 88%)
[19:13:08]   [57/200] multi_turn_miss_param_57: PASS (50/57 = 88%)
[19:13:35]   [58/200] multi_turn_miss_param_55: FAIL (50/58 = 86%) | error: Model response execution results so far does not contain all the ground truth response execution results for turn 3.
[19:14:35]   [59/200] multi_turn_miss_param_58: PASS (51/59 = 86%)
[19:14:46]   [60/200] multi_turn_miss_param_60: PASS (52/60 = 87%)
[19:14:49]   [61/200] multi_turn_miss_param_59: FAIL (52/61 = 85%) | error: Model response execution results so far does not contain all the ground truth response execution results for turn 2.
[19:15:40]   [62/200] multi_turn_miss_param_63: PASS (53/62 = 85%)
[19:15:41]   [63/200] multi_turn_miss_param_62: PASS (54/63 = 86%)
[19:16:02]   [64/200] multi_turn_miss_param_61: PASS (55/64 = 86%)
[19:16:14]   [65/200] multi_turn_miss_param_65: FAIL (55/65 = 85%) | error: Model response execution results so far does not contain all the ground truth response execution results for turn 1.
[19:16:20]   [66/200] multi_turn_miss_param_64: PASS (56/66 = 85%)
[19:16:34]   [67/200] multi_turn_miss_param_66: PASS (57/67 = 85%)
[19:17:08]   [68/200] multi_turn_miss_param_67: PASS (58/68 = 85%)
[19:17:24]   [69/200] multi_turn_miss_param_69: PASS (59/69 = 86%)
[19:17:44]   [70/200] multi_turn_miss_param_68: PASS (60/70 = 86%)
[19:17:50]   [71/200] multi_turn_miss_param_70: PASS (61/71 = 86%)
[19:18:21]   [72/200] multi_turn_miss_param_71: PASS (62/72 = 86%)
[19:18:30]   [73/200] multi_turn_miss_param_73: PASS (63/73 = 86%)
[19:18:49]   [74/200] multi_turn_miss_param_72: FAIL (63/74 = 85%) | error: Model response execution results so far does not contain all the ground truth response execution results for turn 4.
[19:18:58]   [75/200] multi_turn_miss_param_74: PASS (64/75 = 85%)
[19:19:10]   [76/200] multi_turn_miss_param_76: PASS (65/76 = 86%)
[19:19:23]   [77/200] multi_turn_miss_param_75: FAIL (65/77 = 84%) | error: Model response execution results so far does not contain all the ground truth response execution results for turn 1.
[19:19:30]   [78/200] multi_turn_miss_param_78: PASS (66/78 = 85%)
[19:19:32]   [79/200] multi_turn_miss_param_77: PASS (67/79 = 85%)
[19:19:53]   [80/200] multi_turn_miss_param_79: PASS (68/80 = 85%)
[19:20:20]   [81/200] multi_turn_miss_param_80: PASS (69/81 = 85%)
[19:20:31]   [82/200] multi_turn_miss_param_81: FAIL (69/82 = 84%) | error: Model response execution results so far does not contain all the ground truth response execution results for turn 4.
[19:21:04]   [83/200] multi_turn_miss_param_82: PASS (70/83 = 84%)
[19:21:09]   [84/200] multi_turn_miss_param_84: PASS (71/84 = 85%)
[19:21:11]   [85/200] multi_turn_miss_param_83: PASS (72/85 = 85%)
[19:21:51]   [86/200] multi_turn_miss_param_85: FAIL (72/86 = 84%) | error: Model response execution results so far does not contain all the ground truth response execution results for turn 1.
[19:21:57]   [87/200] multi_turn_miss_param_87: PASS (73/87 = 84%)
[19:22:00]   [88/200] multi_turn_miss_param_86: PASS (74/88 = 84%)
[19:22:34]   [89/200] multi_turn_miss_param_88: PASS (75/89 = 84%)
[19:22:40]   [90/200] multi_turn_miss_param_89: PASS (76/90 = 84%)
[19:22:43]   [91/200] multi_turn_miss_param_90: PASS (77/91 = 85%)
[19:22:56]   [92/200] multi_turn_miss_param_91: PASS (78/92 = 85%)
[19:23:27]   [93/200] multi_turn_miss_param_92: FAIL (78/93 = 84%) | error: Model response execution results so far does not contain all the ground truth response execution results for turn 5.
[19:23:59]   [94/200] multi_turn_miss_param_93: PASS (79/94 = 84%)
[19:24:32]   [95/200] multi_turn_miss_param_95: PASS (80/95 = 84%)
[19:24:50]   [96/200] multi_turn_miss_param_96: PASS (81/96 = 84%)
[19:25:44]   [97/200] multi_turn_miss_param_98: PASS (82/97 = 85%)
[19:25:44]   [98/200] multi_turn_miss_param_97: PASS (83/98 = 85%)
[19:26:02]   [99/200] multi_turn_miss_param_94: PASS (84/99 = 85%)
[19:26:10]   [100/200] multi_turn_miss_param_100: PASS (85/100 = 85%)
[19:26:27]   [101/200] multi_turn_miss_param_99: FAIL (85/101 = 84%) | error: Model response execution results so far does not contain all the ground truth response execution results for turn 4.
[19:26:27]   [102/200] multi_turn_miss_param_101: PASS (86/102 = 84%)
[19:26:52]   [103/200] multi_turn_miss_param_104: FAIL (86/103 = 83%) | error: Model response execution results so far does not contain all the ground truth response execution results for turn 2.
[19:27:00]   [104/200] multi_turn_miss_param_102: PASS (87/104 = 84%)
[19:27:14]   [105/200] multi_turn_miss_param_103: FAIL (87/105 = 83%) | error: Model response execution results so far does not contain all the ground truth response execution results for turn 1.
[19:27:15]   [106/200] multi_turn_miss_param_105: PASS (88/106 = 83%)
[19:27:37]   [107/200] multi_turn_miss_param_106: FAIL (88/107 = 82%) | error: Model response execution results so far does not contain all the ground truth response execution results for turn 3.
[19:27:48]   [108/200] multi_turn_miss_param_107: PASS (89/108 = 82%)
[19:27:59]   [109/200] multi_turn_miss_param_108: PASS (90/109 = 83%)
[19:28:40]   [110/200] multi_turn_miss_param_111: FAIL (90/110 = 82%) | error: Model response execution results so far does not contain all the ground truth response execution results for turn 1.
[19:28:47]   [111/200] multi_turn_miss_param_109: PASS (91/111 = 82%)
[19:29:08]   [112/200] multi_turn_miss_param_110: FAIL (91/112 = 81%) | error: Model response execution results so far does not contain all the ground truth response execution results for turn 6.
[19:29:19]   [113/200] multi_turn_miss_param_113: PASS (92/113 = 81%)
[19:29:27]   [114/200] multi_turn_miss_param_112: PASS (93/114 = 82%)
[19:29:46]   [115/200] multi_turn_miss_param_114: PASS (94/115 = 82%)
[19:29:53]   [116/200] multi_turn_miss_param_115: PASS (95/116 = 82%)
[19:30:17]   [117/200] multi_turn_miss_param_116: PASS (96/117 = 82%)
[19:30:37]   [118/200] multi_turn_miss_param_118: PASS (97/118 = 82%)
[19:30:40]   [119/200] multi_turn_miss_param_117: PASS (98/119 = 82%)
[19:31:00]   [120/200] multi_turn_miss_param_119: PASS (99/120 = 82%)
[19:31:03]   [121/200] multi_turn_miss_param_120: PASS (100/121 = 83%)
[19:31:38]   [122/200] multi_turn_miss_param_121: FAIL (100/122 = 82%) | error: Model response execution results so far does not contain all the ground truth response execution results for turn 4.
[19:31:45]   [123/200] multi_turn_miss_param_122: PASS (101/123 = 82%)
[19:31:51]   [124/200] multi_turn_miss_param_123: PASS (102/124 = 82%)
[19:32:27]   [125/200] multi_turn_miss_param_126: PASS (103/125 = 82%)
[19:32:33]   [126/200] multi_turn_miss_param_124: PASS (104/126 = 83%)
[19:32:56]   [127/200] multi_turn_miss_param_125: FAIL (104/127 = 82%) | error: Model response execution results so far does not contain all the ground truth response execution results for turn 1.
[19:33:00]   [128/200] multi_turn_miss_param_127: PASS (105/128 = 82%)
[19:33:10]   [129/200] multi_turn_miss_param_128: PASS (106/129 = 82%)
[19:33:37]   [130/200] multi_turn_miss_param_130: PASS (107/130 = 82%)
[19:34:00]   [131/200] multi_turn_miss_param_129: PASS (108/131 = 82%)
[19:34:23]   [132/200] multi_turn_miss_param_132: PASS (109/132 = 83%)
[19:34:25]   [133/200] multi_turn_miss_param_131: PASS (110/133 = 83%)
[19:34:46]   [134/200] multi_turn_miss_param_133: PASS (111/134 = 83%)
[19:35:22]   [135/200] multi_turn_miss_param_134: PASS (112/135 = 83%)
[19:35:23]   [136/200] multi_turn_miss_param_135: PASS (113/136 = 83%)
[19:35:40]   [137/200] multi_turn_miss_param_136: PASS (114/137 = 83%)
[19:35:57]   [138/200] multi_turn_miss_param_139: PASS (115/138 = 83%)
[19:36:01]   [139/200] multi_turn_miss_param_137: PASS (116/139 = 83%)
[19:36:20]   [140/200] multi_turn_miss_param_138: PASS (117/140 = 84%)
[19:36:40]   [141/200] multi_turn_miss_param_140: FAIL (117/141 = 83%) | error: Model response execution results so far does not contain all the ground truth response execution results for turn 3.
[19:36:42]   [142/200] multi_turn_miss_param_141: PASS (118/142 = 83%)
[19:37:16]   [143/200] multi_turn_miss_param_144: PASS (119/143 = 83%)
[19:37:39]   [144/200] multi_turn_miss_param_142: PASS (120/144 = 83%)
[19:37:50]   [145/200] multi_turn_miss_param_143: PASS (121/145 = 83%)
[19:38:28]   [146/200] multi_turn_miss_param_146: PASS (122/146 = 84%)
[19:38:28]   [147/200] multi_turn_miss_param_147: PASS (123/147 = 84%)
[19:38:31]   [148/200] multi_turn_miss_param_145: FAIL (123/148 = 83%) | error: Model response execution results so far does not contain all the ground truth response execution results for turn 4.
[19:39:11]   [149/200] multi_turn_miss_param_150: PASS (124/149 = 83%)
[19:39:16]   [150/200] multi_turn_miss_param_149: PASS (125/150 = 83%)
[19:39:33]   [151/200] multi_turn_miss_param_148: FAIL (125/151 = 83%) | error: Model response execution results so far does not contain all the ground truth response execution results for turn 3.
[19:39:50]   [152/200] multi_turn_miss_param_151: PASS (126/152 = 83%)
[19:39:53]   [153/200] multi_turn_miss_param_152: PASS (127/153 = 83%)
[19:40:18]   [154/200] multi_turn_miss_param_155: PASS (128/154 = 83%)
[19:40:32]   [155/200] multi_turn_miss_param_153: PASS (129/155 = 83%)
[19:40:52]   [156/200] multi_turn_miss_param_154: FAIL (129/156 = 83%) | error: Model response execution results so far does not contain all the ground truth response execution results for turn 2.
[19:41:11]   [157/200] multi_turn_miss_param_157: PASS (130/157 = 83%)
[19:41:42]   [158/200] multi_turn_miss_param_158: PASS (131/158 = 83%)
[19:41:45]   [159/200] multi_turn_miss_param_156: FAIL (131/159 = 82%) | error: Model response execution results so far does not contain all the ground truth response execution results for turn 4.
[19:41:56]   [160/200] multi_turn_miss_param_159: PASS (132/160 = 82%)
[19:42:23]   [161/200] multi_turn_miss_param_161: PASS (133/161 = 83%)
[19:42:42]   [162/200] multi_turn_miss_param_160: PASS (134/162 = 83%)
[19:42:52]   [163/200] multi_turn_miss_param_163: PASS (135/163 = 83%)
[19:43:08]   [164/200] multi_turn_miss_param_162: PASS (136/164 = 83%)
[19:43:32]   [165/200] multi_turn_miss_param_164: PASS (137/165 = 83%)
[19:43:48]   [166/200] multi_turn_miss_param_165: PASS (138/166 = 83%)
[19:44:11]   [167/200] multi_turn_miss_param_166: PASS (139/167 = 83%)
[19:44:48]   [168/200] multi_turn_miss_param_167: PASS (140/168 = 83%)
[19:44:59]   [169/200] multi_turn_miss_param_169: PASS (141/169 = 83%)
[19:45:13]   [170/200] multi_turn_miss_param_168: PASS (142/170 = 84%)
[19:45:59]   [171/200] multi_turn_miss_param_170: FAIL (142/171 = 83%) | error: Model response execution results so far does not contain all the ground truth response execution results for turn 1.
[19:46:05]   [172/200] multi_turn_miss_param_172: PASS (143/172 = 83%)
[19:46:28]   [173/200] multi_turn_miss_param_171: FAIL (143/173 = 83%) | error: Model response execution results so far does not contain all the ground truth response execution results for turn 0.
[19:46:40]   [174/200] multi_turn_miss_param_173: FAIL (143/174 = 82%) | error: Model response execution results so far does not contain all the ground truth response execution results for turn 4.
[19:47:01]   [175/200] multi_turn_miss_param_175: PASS (144/175 = 82%)
[19:47:10]   [176/200] multi_turn_miss_param_176: FAIL (144/176 = 82%) | error: Model response execution results so far does not contain all the ground truth response execution results for turn 2.
[19:47:11]   [177/200] multi_turn_miss_param_174: PASS (145/177 = 82%)
[19:47:31]   [178/200] multi_turn_miss_param_177: PASS (146/178 = 82%)
[19:47:59]   [179/200] multi_turn_miss_param_178: PASS (147/179 = 82%)
[19:48:11]   [180/200] multi_turn_miss_param_179: PASS (148/180 = 82%)
[19:48:37]   [181/200] multi_turn_miss_param_182: PASS (149/181 = 82%)
[19:49:06]   [182/200] multi_turn_miss_param_180: FAIL (149/182 = 82%) | error: Model response execution results so far does not contain all the ground truth response execution results for turn 0.
[19:49:30]   [183/200] multi_turn_miss_param_181: FAIL (149/183 = 81%) | error: Model response execution results so far does not contain all the ground truth response execution results for turn 1.
[19:50:10]   [184/200] multi_turn_miss_param_183: FAIL (149/184 = 81%) | error: Model response execution results so far does not contain all the ground truth response execution results for turn 1.
[19:50:14]   [185/200] multi_turn_miss_param_184: PASS (150/185 = 81%)
[19:50:21]   [186/200] multi_turn_miss_param_185: PASS (151/186 = 81%)
[19:51:08]   [187/200] multi_turn_miss_param_186: PASS (152/187 = 81%)
[19:51:12]   [188/200] multi_turn_miss_param_187: PASS (153/188 = 81%)
[19:51:13]   [189/200] multi_turn_miss_param_188: FAIL (153/189 = 81%) | error: Model response execution results so far does not contain all the ground truth response execution results for turn 5.
[19:52:05]   [190/200] multi_turn_miss_param_189: PASS (154/190 = 81%)
[19:52:24]   [191/200] multi_turn_miss_param_190: PASS (155/191 = 81%)
[19:52:55]   [192/200] multi_turn_miss_param_192: PASS (156/192 = 81%)
[19:52:56]   [193/200] multi_turn_miss_param_191: PASS (157/193 = 81%)
[19:53:14]   [194/200] multi_turn_miss_param_193: PASS (158/194 = 81%)
[19:53:41]   [195/200] multi_turn_miss_param_195: FAIL (158/195 = 81%) | error: Model response execution results so far does not contain all the ground truth response execution results for turn 3.
[19:53:48]   [196/200] multi_turn_miss_param_194: PASS (159/196 = 81%)
[19:54:08]   [197/200] multi_turn_miss_param_196: FAIL (159/197 = 81%) | error: Model response execution results so far does not contain all the ground truth response execution results for turn 5.
[19:54:09]   [198/200] multi_turn_miss_param_198: PASS (160/198 = 81%)
[19:54:23]   [199/200] multi_turn_miss_param_197: PASS (161/199 = 81%)
[19:55:09]   [200/200] multi_turn_miss_param_199: PASS (162/200 = 81%)
[19:55:09]   multi_turn_miss_param: 162/200 (81.0%) in 3277s | cost=$86.08
[19:55:09] ── multi_turn_long_context ──
[19:55:09]   Loaded 200 entries
[19:55:53]   [1/200] multi_turn_long_context_1: PASS (1/1 = 100%)
[19:56:10]   [2/200] multi_turn_long_context_2: PASS (2/2 = 100%)
[19:56:16]   [3/200] multi_turn_long_context_0: PASS (3/3 = 100%)
[19:56:21]   [4/200] multi_turn_long_context_3: PASS (4/4 = 100%)
[19:56:44]   [5/200] multi_turn_long_context_4: PASS (5/5 = 100%)
[19:56:55]   [6/200] multi_turn_long_context_5: FAIL (5/6 = 83%) | error: Model response execution results so far does not contain all the ground truth response execution results for turn 2.
[19:57:06]   [7/200] multi_turn_long_context_7: PASS (6/7 = 86%)
[19:57:12]   [8/200] multi_turn_long_context_6: PASS (7/8 = 88%)
[19:57:23]   [9/200] multi_turn_long_context_8: FAIL (7/9 = 78%) | error: Model response execution results so far does not contain all the ground truth response execution results for turn 2.
[19:57:30]   [10/200] multi_turn_long_context_9: PASS (8/10 = 80%)
[19:57:38]   [11/200] multi_turn_long_context_11: PASS (9/11 = 82%)
[19:57:43]   [12/200] multi_turn_long_context_12: PASS (10/12 = 83%)
[19:57:43]   [13/200] multi_turn_long_context_10: PASS (11/13 = 85%)
[19:57:52]   [14/200] multi_turn_long_context_13: PASS (12/14 = 86%)
[19:58:17]   [15/200] multi_turn_long_context_14: PASS (13/15 = 87%)
[19:58:19]   [16/200] multi_turn_long_context_15: PASS (14/16 = 88%)
[19:58:24]   [17/200] multi_turn_long_context_16: PASS (15/17 = 88%)
[19:58:50]   [18/200] multi_turn_long_context_17: PASS (16/18 = 89%)
[19:58:54]   [19/200] multi_turn_long_context_19: PASS (17/19 = 89%)
[19:59:07]   [20/200] multi_turn_long_context_18: PASS (18/20 = 90%)
[19:59:17]   [21/200] multi_turn_long_context_20: PASS (19/21 = 90%)
[19:59:19]   [22/200] multi_turn_long_context_21: PASS (20/22 = 91%)
[19:59:34]   [23/200] multi_turn_long_context_22: PASS (21/23 = 91%)
[19:59:41]   [24/200] multi_turn_long_context_23: PASS (22/24 = 92%)
[19:59:51]   [25/200] multi_turn_long_context_25: FAIL (22/25 = 88%) | error: Model response execution results so far does not contain all the ground truth response execution results for turn 2.
[19:59:59]   [26/200] multi_turn_long_context_24: PASS (23/26 = 88%)
[20:00:00]   [27/200] multi_turn_long_context_26: PASS (24/27 = 89%)
[20:00:12]   [28/200] multi_turn_long_context_29: PASS (25/28 = 89%)
[20:00:13]   [29/200] multi_turn_long_context_27: PASS (26/29 = 90%)
[20:00:40]   [30/200] multi_turn_long_context_30: FAIL (26/30 = 87%) | error: Model response execution results so far does not contain all the ground truth response execution results for turn 0.
[20:00:41]   [31/200] multi_turn_long_context_28: PASS (27/31 = 87%)
[20:01:05]   [32/200] multi_turn_long_context_32: PASS (28/32 = 88%)
[20:01:06]   [33/200] multi_turn_long_context_31: FAIL (28/33 = 85%) | error: Model response execution results so far does not contain all the ground truth response execution results for turn 0.
[20:01:28]   [34/200] multi_turn_long_context_33: PASS (29/34 = 85%)
[20:01:32]   [35/200] multi_turn_long_context_34: PASS (30/35 = 86%)
[20:01:41]   [36/200] multi_turn_long_context_35: PASS (31/36 = 86%)
[20:01:48]   [37/200] multi_turn_long_context_36: PASS (32/37 = 86%)
[20:01:52]   [38/200] multi_turn_long_context_37: PASS (33/38 = 87%)
[20:01:57]   [39/200] multi_turn_long_context_38: FAIL (33/39 = 85%) | error: Model response execution results so far does not contain all the ground truth response execution results for turn 0.
[20:02:14]   [40/200] multi_turn_long_context_40: PASS (34/40 = 85%)
[20:02:14]   [41/200] multi_turn_long_context_39: PASS (35/41 = 85%)
[20:02:15]   [42/200] multi_turn_long_context_41: PASS (36/42 = 86%)
[20:02:57]   [43/200] multi_turn_long_context_43: PASS (37/43 = 86%)
[20:03:12]   [44/200] multi_turn_long_context_42: FAIL (37/44 = 84%) | error: Model response execution results so far does not contain all the ground truth response execution results for turn 0.
[20:03:19]   [45/200] multi_turn_long_context_45: PASS (38/45 = 84%)
[20:03:24]   [46/200] multi_turn_long_context_44: PASS (39/46 = 85%)
[20:03:32]   [47/200] multi_turn_long_context_46: FAIL (39/47 = 83%) | error: Model response execution results so far does not contain all the ground truth response execution results for turn 0.
[20:03:46]   [48/200] multi_turn_long_context_47: PASS (40/48 = 83%)
[20:03:56]   [49/200] multi_turn_long_context_50: PASS (41/49 = 84%)
[20:03:59]   [50/200] multi_turn_long_context_48: PASS (42/50 = 84%)
[20:04:16]   [51/200] multi_turn_long_context_49: PASS (43/51 = 84%)
[20:04:54]   [52/200] multi_turn_long_context_51: PASS (44/52 = 85%)
[20:04:57]   [53/200] multi_turn_long_context_52: PASS (45/53 = 85%)
[20:05:04]   [54/200] multi_turn_long_context_53: PASS (46/54 = 85%)
[20:05:19]   [55/200] multi_turn_long_context_54: PASS (47/55 = 85%)
[20:05:34]   [56/200] multi_turn_long_context_57: PASS (48/56 = 86%)
[20:05:35]   [57/200] multi_turn_long_context_56: PASS (49/57 = 86%)
[20:05:46]   [58/200] multi_turn_long_context_55: FAIL (49/58 = 84%) | error: Model response execution results so far does not contain all the ground truth response execution results for turn 2.
[20:06:11]   [59/200] multi_turn_long_context_58: PASS (50/59 = 85%)
[20:06:24]   [60/200] multi_turn_long_context_59: PASS (51/60 = 85%)
[20:06:42]   [61/200] multi_turn_long_context_60: PASS (52/61 = 85%)
[20:07:06]   [62/200] multi_turn_long_context_62: FAIL (52/62 = 84%) | error: Model response execution results so far does not contain all the ground truth response execution results for turn 0.
[20:07:24]   [63/200] multi_turn_long_context_63: PASS (53/63 = 84%)
[20:07:34]   [64/200] multi_turn_long_context_61: PASS (54/64 = 84%)
[20:07:37]   [65/200] multi_turn_long_context_64: PASS (55/65 = 85%)
[20:07:55]   [66/200] multi_turn_long_context_65: PASS (56/66 = 85%)
[20:08:15]   [67/200] multi_turn_long_context_66: PASS (57/67 = 85%)
[20:08:25]   [68/200] multi_turn_long_context_67: PASS (58/68 = 85%)
[20:08:44]   [69/200] multi_turn_long_context_69: PASS (59/69 = 86%)
[20:08:48]   [70/200] multi_turn_long_context_68: PASS (60/70 = 86%)
[20:08:52]   [71/200] multi_turn_long_context_70: PASS (61/71 = 86%)
[20:09:21]   [72/200] multi_turn_long_context_73: PASS (62/72 = 86%)
[20:09:23]   [73/200] multi_turn_long_context_71: PASS (63/73 = 86%)
[20:09:35]   [74/200] multi_turn_long_context_72: PASS (64/74 = 86%)
[20:09:55]   [75/200] multi_turn_long_context_74: PASS (65/75 = 87%)
[20:09:58]   [76/200] multi_turn_long_context_76: PASS (66/76 = 87%)
[20:10:06]   [77/200] multi_turn_long_context_75: FAIL (66/77 = 86%) | error: Model response execution results so far does not contain all the ground truth response execution results for turn 1.
[20:10:11]   [78/200] multi_turn_long_context_78: PASS (67/78 = 86%)
[20:10:12]   [79/200] multi_turn_long_context_77: PASS (68/79 = 86%)
[20:10:28]   [80/200] multi_turn_long_context_79: PASS (69/80 = 86%)
[20:10:55]   [81/200] multi_turn_long_context_81: FAIL (69/81 = 85%) | error: Model response execution results so far does not contain all the ground truth response execution results for turn 3.
[20:10:58]   [82/200] multi_turn_long_context_80: PASS (70/82 = 85%)
[20:11:20]   [83/200] multi_turn_long_context_84: PASS (71/83 = 86%)
[20:11:39]   [84/200] multi_turn_long_context_83: PASS (72/84 = 86%)
[20:11:39]   [85/200] multi_turn_long_context_82: PASS (73/85 = 86%)
[20:11:54]   [86/200] multi_turn_long_context_85: FAIL (73/86 = 85%) | error: Model response execution results so far does not contain all the ground truth response execution results for turn 0.
[20:12:19]   [87/200] multi_turn_long_context_86: PASS (74/87 = 85%)
[20:12:24]   [88/200] multi_turn_long_context_87: PASS (75/88 = 85%)
[20:12:40]   [89/200] multi_turn_long_context_88: PASS (76/89 = 85%)
[20:13:01]   [90/200] multi_turn_long_context_91: FAIL (76/90 = 84%) | error: Model response execution results so far does not contain all the ground truth response execution results for turn 0.
[20:13:01]   [91/200] multi_turn_long_context_89: PASS (77/91 = 85%)
[20:13:10]   [92/200] multi_turn_long_context_90: PASS (78/92 = 85%)
[20:13:33]   [93/200] multi_turn_long_context_93: PASS (79/93 = 85%)
[20:13:38]   [94/200] multi_turn_long_context_94: PASS (80/94 = 85%)
[20:13:47]   [95/200] multi_turn_long_context_92: FAIL (80/95 = 84%) | error: Model response execution results so far does not contain all the ground truth response execution results for turn 4.
[20:14:03]   [96/200] multi_turn_long_context_95: PASS (81/96 = 84%)
[20:14:12]   [97/200] multi_turn_long_context_96: PASS (82/97 = 85%)
[20:14:36]   [98/200] multi_turn_long_context_98: PASS (83/98 = 85%)
[20:15:00]   [99/200] multi_turn_long_context_100: PASS (84/99 = 85%)
[20:15:08]   [100/200] multi_turn_long_context_99: FAIL (84/100 = 84%) | error: Model response execution results so far does not contain all the ground truth response execution results for turn 3.
[20:15:17]   [101/200] multi_turn_long_context_97: PASS (85/101 = 84%)
[20:15:35]   [102/200] multi_turn_long_context_101: PASS (86/102 = 84%)
[20:15:56]   [103/200] multi_turn_long_context_104: FAIL (86/103 = 83%) | error: Model response execution results so far does not contain all the ground truth response execution results for turn 1.
[20:15:59]   [104/200] multi_turn_long_context_102: PASS (87/104 = 84%)
[20:16:04]   [105/200] multi_turn_long_context_103: PASS (88/105 = 84%)
[20:16:16]   [106/200] multi_turn_long_context_105: PASS (89/106 = 84%)
[20:16:42]   [107/200] multi_turn_long_context_106: FAIL (89/107 = 83%) | error: Model response execution results so far does not contain all the ground truth response execution results for turn 2.
[20:16:56]   [108/200] multi_turn_long_context_107: PASS (90/108 = 83%)
[20:17:14]   [109/200] multi_turn_long_context_108: PASS (91/109 = 83%)
[20:17:37]   [110/200] multi_turn_long_context_109: PASS (92/110 = 84%)
[20:17:54]   [111/200] multi_turn_long_context_111: PASS (93/111 = 84%)
[20:17:57]   [112/200] multi_turn_long_context_110: FAIL (93/112 = 83%) | error: Model response execution results so far does not contain all the ground truth response execution results for turn 5.
[20:18:03]   [113/200] multi_turn_long_context_112: PASS (94/113 = 83%)
[20:18:09]   [114/200] multi_turn_long_context_113: PASS (95/114 = 83%)
[20:18:24]   [115/200] multi_turn_long_context_114: PASS (96/115 = 83%)
[20:18:30]   [116/200] multi_turn_long_context_115: PASS (97/116 = 84%)
[20:18:41]   [117/200] multi_turn_long_context_116: PASS (98/117 = 84%)
[20:19:13]   [118/200] multi_turn_long_context_117: PASS (99/118 = 84%)
[20:19:20]   [119/200] multi_turn_long_context_119: PASS (100/119 = 84%)
[20:19:36]   [120/200] multi_turn_long_context_118: PASS (101/120 = 84%)
[20:19:51]   [121/200] multi_turn_long_context_120: PASS (102/121 = 84%)
[20:19:57]   [122/200] multi_turn_long_context_121: FAIL (102/122 = 84%) | error: Model response execution results so far does not contain all the ground truth response execution results for turn 3.
[20:20:04]   [123/200] multi_turn_long_context_122: PASS (103/123 = 84%)
[20:20:21]   [124/200] multi_turn_long_context_123: PASS (104/124 = 84%)
[20:20:27]   [125/200] multi_turn_long_context_124: PASS (105/125 = 84%)
[20:20:52]   [126/200] multi_turn_long_context_126: PASS (106/126 = 84%)
[20:20:56]   [127/200] multi_turn_long_context_127: PASS (107/127 = 84%)
[20:21:01]   [128/200] multi_turn_long_context_125: FAIL (107/128 = 84%) | error: Model response execution results so far does not contain all the ground truth response execution results for turn 3.
[20:21:20]   [129/200] multi_turn_long_context_128: PASS (108/129 = 84%)
[20:21:25]   [130/200] multi_turn_long_context_130: PASS (109/130 = 84%)
[20:21:28]   [131/200] multi_turn_long_context_129: PASS (110/131 = 84%)
[20:21:42]   [132/200] multi_turn_long_context_132: PASS (111/132 = 84%)
[20:21:51]   [133/200] multi_turn_long_context_133: PASS (112/133 = 84%)
[20:22:08]   [134/200] multi_turn_long_context_134: PASS (113/134 = 84%)
[20:22:14]   [135/200] multi_turn_long_context_131: PASS (114/135 = 84%)
[20:22:50]   [136/200] multi_turn_long_context_135: PASS (115/136 = 85%)
[20:22:54]   [137/200] multi_turn_long_context_136: PASS (116/137 = 85%)
[20:23:00]   [138/200] multi_turn_long_context_137: PASS (117/138 = 85%)
[20:23:17]   [139/200] multi_turn_long_context_139: PASS (118/139 = 85%)
[20:23:53]   [140/200] multi_turn_long_context_140: FAIL (118/140 = 84%) | error: Model response execution results so far does not contain all the ground truth response execution results for turn 2.
[20:23:59]   [141/200] multi_turn_long_context_138: PASS (119/141 = 84%)
[20:24:08]   [142/200] multi_turn_long_context_141: PASS (120/142 = 85%)
[20:24:30]   [143/200] multi_turn_long_context_142: PASS (121/143 = 85%)
[20:24:30]   [144/200] multi_turn_long_context_144: PASS (122/144 = 85%)
[20:24:41]   [145/200] multi_turn_long_context_143: PASS (123/145 = 85%)
[20:24:51]   [146/200] multi_turn_long_context_146: PASS (124/146 = 85%)
[20:24:58]   [147/200] multi_turn_long_context_147: PASS (125/147 = 85%)
[20:25:02]   [148/200] multi_turn_long_context_145: PASS (126/148 = 85%)
[20:25:21]   [149/200] multi_turn_long_context_150: PASS (127/149 = 85%)
[20:25:34]   [150/200] multi_turn_long_context_149: PASS (128/150 = 85%)
[20:25:39]   [151/200] multi_turn_long_context_148: PASS (129/151 = 85%)
[20:26:08]   [152/200] multi_turn_long_context_151: PASS (130/152 = 86%)
[20:26:11]   [153/200] multi_turn_long_context_152: PASS (131/153 = 86%)
[20:26:28]   [154/200] multi_turn_long_context_153: PASS (132/154 = 86%)
[20:26:35]   [155/200] multi_turn_long_context_155: PASS (133/155 = 86%)
[20:27:04]   [156/200] multi_turn_long_context_157: PASS (134/156 = 86%)
[20:27:05]   [157/200] multi_turn_long_context_154: PASS (135/157 = 86%)
[20:27:37]   [158/200] multi_turn_long_context_159: PASS (136/158 = 86%)
[20:27:38]   [159/200] multi_turn_long_context_158: PASS (137/159 = 86%)
[20:27:43]   [160/200] multi_turn_long_context_156: FAIL (137/160 = 86%) | error: Model response execution results so far does not contain all the ground truth response execution results for turn 3.
[20:27:58]   [161/200] multi_turn_long_context_161: PASS (138/161 = 86%)
[20:28:12]   [162/200] multi_turn_long_context_160: PASS (139/162 = 86%)
[20:28:22]   [163/200] multi_turn_long_context_163: PASS (140/163 = 86%)
[20:28:41]   [164/200] multi_turn_long_context_162: PASS (141/164 = 86%)
[20:28:50]   [165/200] multi_turn_long_context_164: PASS (142/165 = 86%)
[20:29:00]   [166/200] multi_turn_long_context_165: PASS (143/166 = 86%)
[20:29:57]   [167/200] multi_turn_long_context_168: PASS (144/167 = 86%)
[20:30:02]   [168/200] multi_turn_long_context_167: PASS (145/168 = 86%)
[20:30:29]   [169/200] multi_turn_long_context_169: PASS (146/169 = 86%)
[20:30:31]   [170/200] multi_turn_long_context_166: PASS (147/170 = 86%)
[20:31:03]   [171/200] multi_turn_long_context_170: FAIL (147/171 = 86%) | error: Model response execution results so far does not contain all the ground truth response execution results for turn 4.
[20:31:14]   [172/200] multi_turn_long_context_172: PASS (148/172 = 86%)
[20:31:15]   [173/200] multi_turn_long_context_171: FAIL (148/173 = 86%) | error: Model response execution results so far does not contain all the ground truth response execution results for turn 0.
[20:31:27]   [174/200] multi_turn_long_context_173: FAIL (148/174 = 85%) | error: Model response execution results so far does not contain all the ground truth response execution results for turn 3.
[20:31:44]   [175/200] multi_turn_long_context_176: PASS (149/175 = 85%)
[20:31:45]   [176/200] multi_turn_long_context_175: PASS (150/176 = 85%)
[20:32:01]   [177/200] multi_turn_long_context_174: PASS (151/177 = 85%)
[20:32:05]   [178/200] multi_turn_long_context_177: PASS (152/178 = 85%)
[20:32:43]   [179/200] multi_turn_long_context_178: PASS (153/179 = 85%)
[20:32:55]   [180/200] multi_turn_long_context_179: FAIL (153/180 = 85%) | error: Model response execution results so far does not contain all the ground truth response execution results for turn 0.
[20:33:20]   [181/200] multi_turn_long_context_182: PASS (154/181 = 85%)
[20:33:49]   [182/200] multi_turn_long_context_180: FAIL (154/182 = 85%) | error: Model response execution results so far does not contain all the ground truth response execution results for turn 0.
[20:34:24]   [183/200] multi_turn_long_context_181: FAIL (154/183 = 84%) | error: Model response execution results so far does not contain all the ground truth response execution results for turn 4.
[20:34:30]   [184/200] multi_turn_long_context_183: PASS (155/184 = 84%)
[20:34:41]   [185/200] multi_turn_long_context_184: PASS (156/185 = 84%)
[20:35:05]   [186/200] multi_turn_long_context_185: PASS (157/186 = 84%)
[20:35:40]   [187/200] multi_turn_long_context_186: PASS (158/187 = 84%)
[20:35:44]   [188/200] multi_turn_long_context_187: FAIL (158/188 = 84%) | error: Model response execution results so far does not contain all the ground truth response execution results for turn 3.
[20:36:25]   [189/200] multi_turn_long_context_188: FAIL (158/189 = 84%) | error: Model response execution results so far does not contain all the ground truth response execution results for turn 4.
[20:36:29]   [190/200] multi_turn_long_context_189: PASS (159/190 = 84%)
[20:36:31]   [191/200] multi_turn_long_context_190: PASS (160/191 = 84%)
[20:37:10]   [192/200] multi_turn_long_context_191: PASS (161/192 = 84%)
[20:37:11]   [193/200] multi_turn_long_context_193: PASS (162/193 = 84%)
[20:37:21]   [194/200] multi_turn_long_context_192: PASS (163/194 = 84%)
[20:37:52]   [195/200] multi_turn_long_context_195: FAIL (163/195 = 84%) | error: Model response execution results so far does not contain all the ground truth response execution results for turn 2.
[20:38:15]   [196/200] multi_turn_long_context_194: PASS (164/196 = 84%)
[20:38:30]   [197/200] multi_turn_long_context_197: PASS (165/197 = 84%)
[20:38:32]   [198/200] multi_turn_long_context_196: FAIL (165/198 = 83%) | error: Model response execution results so far does not contain all the ground truth response execution results for turn 4.
[20:38:36]   [199/200] multi_turn_long_context_198: PASS (166/199 = 83%)
[20:39:27]   [200/200] multi_turn_long_context_199: PASS (167/200 = 84%)
[20:39:27]   multi_turn_long_context: 167/200 (83.5%) in 2658s | cost=$71.99
[20:39:27] Run complete. Log: /Users/timmetim/development/glyphh-master/glyphh-models/bfcl/results/full-eval/run_20260311_173346.log
