[06:04:07] Run started: categories=['multi_turn_miss_param'], workers=3, max_entries=20
[06:04:07] ── multi_turn_miss_param ──
[06:04:07]   Loaded 20 entries
[06:04:48]   [1/20] multi_turn_miss_param_2: PASS (1/1 = 100%)
[06:04:48]     turn 0: HIT conf=0.654 pattern=cd|touch q=Go into document folder and Could you draft up a document for keeping track of a
[06:04:48]     turn 1: HIT conf=0.714 pattern=cd|touch q=The document name should be 'TeamNotes.txt'.
[06:04:48]     turn 2: HIT conf=0.750 pattern=echo q=We've gathered a couple of wise insights from Simona, so could you jot down 'Col
[06:04:48]     turn 3: HIT conf=0.757 pattern=diff q=There seems to be some differences noted by Simona between the 'ideas.txt' file 
[06:04:48]     turn 4: HIT conf=0.749 pattern=cp|cd|mv q=Simona thinks it's a smart move to secure 'TeamNotes.txt'. How about we copy it 
[06:04:48]     turn 5: HIT conf=0.747 pattern=cat q=Before Simona signs off for the day, she'd like to take a peek at what's been st
[06:05:07]   [2/20] multi_turn_miss_param_0: PASS (2/2 = 100%)
[06:05:07]     turn 0: HIT conf=0.716 pattern=cd|mkdir|mv q=Move 'final_report.pdf' within document directory to 'temp' directory in documen
[06:05:07]     turn 1: HIT conf=0.742 pattern=cd|grep q=Perform a detailed search using grep to identify sections in the file pertaining
[06:05:07]     turn 2: HIT conf=0.798 pattern=sort q=Upon identifying the requisite 'budget analysis' content, sort the 'final_report
[06:05:07]     turn 3: HIT conf=0.699 pattern=cd|mv|cd|diff q=Move one of the file in document directory to temp as well and having final repo
[06:05:07]     turn 4: HIT conf=0.683 pattern=cd|mv|cd|diff q=The specific file is previous_report.pdf.
[06:05:16]   [3/20] multi_turn_miss_param_3: PASS (3/3 = 100%)
[06:05:16]     turn 0: HIT conf=0.753 pattern=find q=As part of my latest photography project, I need to gather files that have 'test
[06:05:16]     turn 1: HIT conf=0.706 pattern=cd|cd|cp|cp q=After identifying them, the next step is to ensure the images and text files are
[06:05:16]     turn 2: HIT conf=0.712 pattern=cd|cd|cp|cp q=The folder name is 'backup_tests'.
[06:05:35]   [4/20] multi_turn_miss_param_4: PASS (4/4 = 100%)
[06:05:35]     turn 0: HIT conf=0.744 pattern=ls q=Could you kindly show me the list of files in tmp directory in my file system in
[06:05:35]     turn 1: HIT conf=0.738 pattern=sort q=There is a report in my current directory. I have noticed the report appears som
[06:05:35]     turn 2: HIT conf=0.676 pattern=post_tweet q=I would appreciate it if you could share the sorted result as the message body o
[06:05:35]     turn 3: HIT conf=0.518 pattern=grep q=Please mention Julia.
[06:05:50]   [5/20] multi_turn_miss_param_5: FAIL (4/5 = 80%) | error: Model response execution results so far does not contain all the ground truth response execution results for turn 2.
[06:05:50]     turn 0: HIT conf=0.754 pattern=cd|mv q=Find analysis_report.csv and upon locating it, ensure you move it to the 'archiv
[06:05:50]     turn 1: HIT conf=0.739 pattern=cat|sort q=After the file transfer, display the contents of 'archive_summary.txt' in the cu
[06:05:50]     turn 2: HIT conf=0.737 pattern=authenticate_twitter|post_tweet q=Help me maintain a social media presence by crafting a tweet that states, 'Manag
[06:05:50]     turn 3: HIT conf=0.590 pattern=comment q=Once the tweet is live, reinforce the achievement and give it a comment..
[06:05:50]     turn 4: HIT conf=0.800 pattern=comment q=The comment content should be 'Another successful task completed today!'.
[06:06:18]   [6/20] multi_turn_miss_param_6: PASS (5/6 = 83%)
[06:06:18]     turn 0: HIT conf=0.748 pattern=cd|touch q=It's getting late here, and I'm wrapping up my notes for the day. Please initiat
[06:06:18]     turn 1: HIT conf=0.751 pattern=echo q=Hi, I want to put some statistics in the annual report. Here are the things I wa
[06:06:18]     turn 2: HIT conf=0.716 pattern=cat q=May I have a look at what's inside 'Annual_Report_2023.docx'?
[06:06:18]     turn 3: HIT conf=0.547 pattern=wc q=How many word does one of my file contain?
[06:06:18]     turn 4: HIT conf=0.710 pattern=wc q=The file is the one I previously mentioned.
[06:06:18]     turn 5: HIT conf=0.712 pattern=cd|cd|touch|echo q=To conclude, store the number of words in a new file report_word_count.txt in th
[06:06:20]   [7/20] multi_turn_miss_param_7: PASS (6/7 = 86%)
[06:06:20]     turn 0: HIT conf=0.754 pattern=cd|mkdir q=Directly open the academic_venture folder and employ precise commands to generat
[06:06:20]     turn 1: HIT conf=0.684 pattern=find q=Within academic_venture, meticulously list every project that has a specific wor
[06:06:20]     turn 2: HIT conf=0.683 pattern=find q=That word is goal.
[06:06:20]     turn 3: HIT conf=0.729 pattern=cat q=For clarity, output the complete content of the first file you find on the termi
[06:06:35]   [8/20] multi_turn_miss_param_1: PASS (7/8 = 88%)
[06:06:35]     turn 0: HIT conf=0.746 pattern=ls q=I am alex. Check if the current directory is under my name and list all the visi
[06:06:35]     turn 1: HIT conf=0.748 pattern=cd|mv q=Go to workspace directory and move one of the 'log.txt' files into a new directo
[06:06:35]     turn 2: HIT conf=0.741 pattern=cd|grep q=Investigate within 'log.txt' for the occurrence of the keyword 'Error'.
[06:06:35]     turn 3: HIT conf=0.657 pattern=tail q=Finally, show the last several lines the file.
[06:06:35]     turn 4: HIT conf=0.724 pattern=tail q=To be exact, it should be last 20 lines.
[06:06:58]   [9/20] multi_turn_miss_param_9: PASS (8/9 = 89%)
[06:06:58]     turn 0: HIT conf=0.720 pattern=cd q=I remember I should have a document called 'FinalReport.txt' in the 'Documentati
[06:06:58]     turn 1: HIT conf=0.702 pattern=cp|cd|mv q=Make a copy of 'FinalReport.txt' to a directory inside the 'Documentation' folde
[06:06:58]     turn 2: HIT conf=0.650 pattern=cp|cd|mv q=The directory is the 'Archives'.
[06:06:58]     turn 3: HIT conf=0.798 pattern=sort q=Methodically arrange and sort the inaugural line of the 'ArchivedFinalReport2024
[06:07:00]   [10/20] multi_turn_miss_param_8: PASS (9/10 = 90%)
[06:07:00]     turn 0: HIT conf=0.775 pattern=grep q=I've recently compiled an extensive log of outcomes from my latest scientific ex
[06:07:00]     turn 1: HIT conf=0.761 pattern=diff q=Following this, I need you to draw a comparison between 'experiment_log.txt' and
[06:07:00]     turn 2: HIT conf=0.752 pattern=authenticate_twitter|post_tweet q=Please share the verbatim results of diff as the body of the post by posting a s
[06:07:00]     turn 3: miss conf=0.441 pattern=None q=When you post the tweet, add a comment.
[06:07:00]     turn 4: HIT conf=0.711 pattern=comment q=Use a supportive comment 'Cheers!'.
[06:07:19]   [11/20] multi_turn_miss_param_11: PASS (10/11 = 91%)
[06:07:19]     turn 0: HIT conf=0.685 pattern=ls q=Display all the available files located within a directory using the terminal in
[06:07:19]     turn 1: HIT conf=0.558 pattern=ls q=the directory name is temp. directory including hidden one using the terminal in
[06:07:19]     turn 2: HIT conf=0.757 pattern=post_tweet q=With the information presented on the terminal, draft a post on Twitter mentioni
[06:07:24]   [12/20] multi_turn_miss_param_10: PASS (11/12 = 92%)
[06:07:24]     turn 0: HIT conf=0.737 pattern=cd|mkdir q=Hey, can you set up a new directory named 'Projects' right in workspace folder?
[06:07:24]     turn 1: HIT conf=0.753 pattern=mv|cd|mv q=Let's move over the project's proposal document into this 'Projects' folder, but
[06:07:24]     turn 2: HIT conf=0.746 pattern=touch q=Inside this directory, get cracking on a new file, call it 'notes.md', to captur
[06:07:24]     turn 3: HIT conf=0.733 pattern=touch|echo|diff q=Also, create a file named 'summary.txt' and write 'Hello' into it. After that, d
[06:07:24]     turn 4: HIT conf=0.542 pattern=tail q=Finally, tally up the number of characters in a specific file.
[06:07:24]     turn 5: HIT conf=0.715 pattern=cd|sort q=The file is summary.txt'.
[06:07:29]   [13/20] multi_turn_miss_param_12: PASS (12/13 = 92%)
[06:07:29]     turn 0: HIT conf=0.750 pattern=cd|touch q=Pop on over to the 'Documents' directory and craft a new file dubbed 'summary.tx
[06:07:29]     turn 1: HIT conf=0.757 pattern=echo q=In 'Documents', let's capture some profound topic 'quantum computing' and jot th
[06:07:29]     turn 2: HIT conf=0.646 pattern=tail q=Mind tallying up the words in a file for me?
[06:07:29]     turn 3: HIT conf=0.593 pattern=cat|wc q=The file name is summary.txt
[06:07:37]   [14/20] multi_turn_miss_param_13: PASS (13/14 = 93%)
[06:07:37]     turn 0: HIT conf=0.678 pattern=cd|tail q=In documents directory, there's a file that piques my curiosity regarding its co
[06:07:37]     turn 1: HIT conf=0.730 pattern=cd|tail q=It's alphabetically first file in that directory
[06:07:37]     turn 2: HIT conf=0.753 pattern=diff q=I've lately stored some work that parallels another document on my system. Might
[06:08:07]   [15/20] multi_turn_miss_param_14: PASS (14/15 = 93%)
[06:08:07]     turn 0: HIT conf=0.746 pattern=cd|find q=First cd within the 'ResearchDocs' directory and then locate any files titled 'r
[06:08:07]     turn 1: HIT conf=0.752 pattern=grep q=Once you locate 'report.csv' in the 'ResearchDocs' directory, delve into it to f
[06:08:07]     turn 2: HIT conf=0.736 pattern=tail q=Extract and display the last several lines from the 'report.csv' file in the 'Re
[06:08:07]     turn 3: HIT conf=0.699 pattern=tail q=I need exactly 5 lines.
[06:08:07]     turn 4: HIT conf=0.754 pattern=message_login|add_contact|send_message q=Logging in as USR001. Lastly, upon completion of our file review, kindly message
[06:08:18]   [16/20] multi_turn_miss_param_16: PASS (15/16 = 94%)
[06:08:18]     turn 0: HIT conf=0.515 pattern=touch q=In research directory, there is a file called 'research_notes.txt'. Please make 
[06:08:18]     turn 1: HIT conf=0.720 pattern=cd|cp|cd|mv q=The copy of it should go to the folder named 'archives' within research, labelin
[06:08:18]     turn 2: HIT conf=0.798 pattern=sort q=Now, take the contents of '2024_research_backup.txt' that we just created and so
[06:08:18]     turn 3: HIT conf=0.746 pattern=wc q=Once the list is sorted, find out how many lines are in the sorted '2024_researc
[06:08:24]   [17/20] multi_turn_miss_param_15: PASS (16/17 = 94%)
[06:08:24]     turn 0: HIT conf=0.756 pattern=touch q=I'm embarking on a new data analysis project that's as thrilling as scripting th
[06:08:24]     turn 1: HIT conf=0.474 pattern=wc q=Infuse 'DataSet1.csv' with some preliminary numbers for our initial analytical e
[06:08:24]     turn 2: HIT conf=0.749 pattern=echo q=Here are the data 'Student | Math | Computer Science Alice | 5 | 9 Bob | 10 | 7'
[06:08:24]     turn 3: HIT conf=0.760 pattern=tail q=Picture this: you're reading the last entry of 'DataSet1.csv' could you give me 
[06:08:24]     turn 4: HIT conf=0.756 pattern=wc|wc|wc q=Provide a summary of the lines, words, and characters in the previous file. It's
[06:08:24]     turn 5: HIT conf=0.737 pattern=mean q=Could you compute the average of the three numerical value obtained? Just for my
[06:08:30]   [18/20] multi_turn_miss_param_17: PASS (17/18 = 94%)
[06:08:30]     turn 0: HIT conf=0.745 pattern=ls q=Could you provide me with an inventory of files that are currently visible and h
[06:08:30]     turn 1: HIT conf=0.743 pattern=cd|cat q=Please cd into project folder and find Kelly's test report somewhere in the dire
[06:08:30]     turn 2: HIT conf=0.646 pattern=add_contact|send_message|view_messages_sent q=Please dispatch something to Kelly, I need to add her contact (Kelly). I'd appre
[06:08:30]     turn 3: HIT conf=0.688 pattern=add_contact|send_message|view_messages_sent q=The report should be in the format of 'Kelly Total Score: total_score',
[06:08:53]   [19/20] multi_turn_miss_param_18: PASS (18/19 = 95%)
[06:08:53]     turn 0: HIT conf=0.740 pattern=mkdir|cp|cp|cp|cp q=Copy all the text files of the 'Quarter1_Reports' directory and place it in a ne
[06:08:53]     turn 1: HIT conf=0.688 pattern=cat|sort q=Within a different file file, display the content and sort it alphabetically by 
[06:08:53]     turn 2: HIT conf=0.700 pattern=cat|sort q=The file name is 'MonthlySummary.docx'
[06:08:53]     turn 3: HIT conf=0.750 pattern=diff|post_tweet q=Compare the educational material differences between 'History101.txt' and 'Histo
[06:09:00]   [20/20] multi_turn_miss_param_19: PASS (19/20 = 95%)
[06:09:00]     turn 0: HIT conf=0.805 pattern=find q=Find every file with the name 'test_document.txt' nestled within the current dir
[06:09:00]     turn 1: HIT conf=0.712 pattern=cp|cd|mv q=Transfer a duplicate of 'test_document.txt' over to the archives folder and rena
[06:09:00]     turn 2: HIT conf=0.562 pattern=cat q=Reveal the contents of a different file.
[06:09:00]     turn 3: HIT conf=0.722 pattern=cat q=The file is actually just the previous one that you rename.
[06:09:00]   multi_turn_miss_param: 19/20 (95.0%) in 293s | cost=$7.52 | pattern_hits=89/90 (99%)
[06:09:00] Run complete. Log: /Users/timmetim/development/glyphh-master/glyphh-models/bfcl/results/full-eval/run_20260312_060407.log
