[06:11:59] Run started: categories=['multi_turn_miss_func'], workers=3, max_entries=20
[06:11:59] ── multi_turn_miss_func ──
[06:11:59]   Loaded 20 entries
[06:12:35]   [1/20] multi_turn_miss_func_1: PASS (1/1 = 100%)
[06:12:35]     turn 0: HIT conf=0.746 pattern=ls q=I am alex. Check if the current directory is under my name and list all the visi
[06:12:35]     turn 2: HIT conf=0.575 pattern=cd|mv q=New tools are now available: mv. The user previously requested: "Go to workspace
[06:12:35]     turn 3: HIT conf=0.741 pattern=cd|grep q=Investigate within 'log.txt' for the occurrence of the keyword 'Error'.
[06:12:35]     turn 4: HIT conf=0.736 pattern=tail q=Finally, show the last 20 lines the file.
[06:12:41]   [2/20] multi_turn_miss_func_2: PASS (2/2 = 100%)
[06:12:41]     turn 0: HIT conf=0.747 pattern=cd|touch q=Go into `documents` folder and Could you draft up a create a document titled 'Te
[06:12:41]     turn 1: HIT conf=0.750 pattern=echo q=We've gathered a couple of wise insights from Simona, so could you jot down 'Col
[06:12:41]     turn 2: HIT conf=0.757 pattern=diff q=There seems to be some differences noted by Simona between the 'ideas.txt' file 
[06:12:41]     turn 4: HIT conf=0.587 pattern=cp|cd|mv q=New tools are now available: cp, cat. The user previously requested: "Simona thi
[06:12:41]     turn 5: HIT conf=0.747 pattern=cat q=Before Simona signs off for the day, she'd like to take a peek at what's been st
[06:12:47]   [3/20] multi_turn_miss_func_0: PASS (3/3 = 100%)
[06:12:47]     turn 0: HIT conf=0.716 pattern=cd|mkdir|mv q=Move 'final_report.pdf' within document directory to 'temp' directory in documen
[06:12:47]     turn 1: HIT conf=0.742 pattern=cd|grep q=Perform a detailed search using grep to identify sections in the file pertaining
[06:12:47]     turn 3: HIT conf=0.581 pattern=sort q=New tools are now available: sort. The user previously requested: "Upon identify
[06:12:47]     turn 4: HIT conf=0.731 pattern=cd|mv|cd|diff q=Move 'previous_report.pdf' in document directory to temp as well and having fina
[06:13:01]   [4/20] multi_turn_miss_func_4: PASS (4/4 = 100%)
[06:13:01]     turn 0: HIT conf=0.744 pattern=ls q=Could you kindly show me the list of files in tmp directory in my file system in
[06:13:01]     turn 2: miss conf=0.413 pattern=None q=New tools are now available: sort, echo. The user previously requested: "There i
[06:13:01]     turn 3: HIT conf=0.758 pattern=post_tweet q=I would appreciate it if you could share the sorted result as the message body o
[06:13:02]   [5/20] multi_turn_miss_func_3: PASS (5/5 = 100%)
[06:13:02]     turn 1: HIT conf=0.528 pattern=find q=New tools are now available: find, ls. The user previously requested: "As part o
[06:13:02]     turn 2: HIT conf=0.752 pattern=cd|cd|cp|cp q=After identifying them, the next step is to ensure the images and text files are
[06:13:19]   [6/20] multi_turn_miss_func_5: PASS (6/6 = 100%)
[06:13:19]     turn 0: HIT conf=0.754 pattern=cd|mv q=Find analysis_report.csv and upon locating it, ensure you move it to the 'archiv
[06:13:19]     turn 1: HIT conf=0.739 pattern=cat|sort q=After the file transfer, display the contents of 'archive_summary.txt' in the cu
[06:13:19]     turn 3: HIT conf=0.513 pattern=authenticate_twitter|post_tweet q=New tools are now available: post_tweet. The user previously requested: "Help me
[06:13:19]     turn 4: HIT conf=0.753 pattern=comment q=Once the tweet is live, reinforce the achievement by commenting underneath with 
[06:13:24]   [7/20] multi_turn_miss_func_7: PASS (7/7 = 100%)
[06:13:24]     turn 1: HIT conf=0.577 pattern=cd|mkdir q=New tools are now available: mkdir, echo. The user previously requested: "Direct
[06:13:24]     turn 2: HIT conf=0.754 pattern=find q=Within academic_venture, meticulously list every project that has goal in its fi
[06:13:24]     turn 3: HIT conf=0.729 pattern=cat q=For clarity, output the complete content of the first file you find on the termi
[06:13:38]   [8/20] multi_turn_miss_func_6: PASS (8/8 = 100%)
[06:13:38]     turn 1: HIT conf=0.565 pattern=cd|touch q=New tools are now available: touch, echo. The user previously requested: "It's g
[06:13:38]     turn 2: HIT conf=0.751 pattern=echo q=Hi, I want to put some statistics in the annual report. Here are the things I wa
[06:13:38]     turn 3: HIT conf=0.716 pattern=cat q=May I have a look at what's inside 'Annual_Report_2023.docx'?
[06:13:38]     turn 4: HIT conf=0.722 pattern=wc q=Let's delve into 'Annual_Report_2023.docx'. How many words does it contain?
[06:13:38]     turn 5: HIT conf=0.712 pattern=cd|cd|touch|echo q=To conclude, store the number of words in a new file report_word_count.txt in th
[06:13:52]   [9/20] multi_turn_miss_func_9: PASS (9/9 = 100%)
[06:13:52]     turn 0: HIT conf=0.720 pattern=cd q=I remember I should have a document called 'FinalReport.txt' in the 'Documentati
[06:13:52]     turn 2: HIT conf=0.551 pattern=cp|cd|mv q=New tools are now available: cp, echo. The user previously requested: "Make a co
[06:13:52]     turn 3: HIT conf=0.798 pattern=sort q=Methodically arrange and sort the inaugural line of the 'ArchivedFinalReport2024
[06:13:57]   [10/20] multi_turn_miss_func_8: PASS (10/10 = 100%)
[06:13:57]     turn 0: HIT conf=0.775 pattern=grep q=I've recently compiled an extensive log of outcomes from my latest scientific ex
[06:13:57]     turn 1: HIT conf=0.761 pattern=diff q=Following this, I need you to draw a comparison between 'experiment_log.txt' and
[06:13:57]     turn 3: HIT conf=0.510 pattern=authenticate_twitter|post_tweet q=New tools are now available: post_tweet. The user previously requested: "Please 
[06:13:57]     turn 4: HIT conf=0.800 pattern=comment q=When you post the tweet, add a supportive comment 'Cheers!'
[06:14:05]   [11/20] multi_turn_miss_func_11: PASS (11/11 = 100%)
[06:14:05]     turn 0: HIT conf=0.682 pattern=ls q=Display all the available files located within the '/temp' directoryincluding hi
[06:14:05]     turn 2: HIT conf=0.510 pattern=authenticate_twitter|post_tweet q=New tools are now available: post_tweet. The user previously requested: "With th
[06:14:07]   [12/20] multi_turn_miss_func_10: PASS (12/12 = 100%)
[06:14:07]     turn 0: HIT conf=0.737 pattern=cd|mkdir q=Hey, can you set up a new directory named 'Projects' right in workspace folder?
[06:14:07]     turn 1: HIT conf=0.753 pattern=mv|cd|mv q=Let's move over the project's proposal document into this 'Projects' folder, but
[06:14:07]     turn 3: HIT conf=0.570 pattern=touch q=New tools are now available: touch, echo. The user previously requested: "Inside
[06:14:07]     turn 4: HIT conf=0.733 pattern=touch|echo|diff q=Also, create a file named 'summary.txt' and write 'Hello' into it. After that, d
[06:14:07]     turn 5: HIT conf=0.731 pattern=wc q=Finally, tally up the number of characters in 'summary.txt'.
[06:14:19]   [13/20] multi_turn_miss_func_12: PASS (13/13 = 100%)
[06:14:19]     turn 1: HIT conf=0.568 pattern=cd|touch q=New tools are now available: cd. The user previously requested: "Pop on over to 
[06:14:19]     turn 2: HIT conf=0.757 pattern=echo q=In 'Documents', let's capture some profound topic 'quantum computing' and jot th
[06:14:19]     turn 3: HIT conf=0.743 pattern=wc q=It would be great to get a sense of how comprehensive this file has become. Mind
[06:14:24]   [14/20] multi_turn_miss_func_13: PASS (14/14 = 100%)
[06:14:24]     turn 1: HIT conf=0.579 pattern=cd|tail q=New tools are now available: tail, cat. The user previously requested: "In docum
[06:14:24]     turn 2: HIT conf=0.753 pattern=diff q=I've lately stored some work that parallels another document on my system. Might
[06:14:33]   [15/20] multi_turn_miss_func_14: PASS (15/15 = 100%)
[06:14:33]     turn 0: HIT conf=0.746 pattern=cd|find q=First cd within the 'ResearchDocs' directory and then locate any files titled 'r
[06:14:33]     turn 1: HIT conf=0.752 pattern=grep q=Once you locate 'report.csv' in the 'ResearchDocs' directory, delve into it to f
[06:14:33]     turn 2: HIT conf=0.755 pattern=tail q=Extract and display the last five lines from the 'report.csv' file in the 'Resea
[06:14:33]     turn 4: HIT conf=0.578 pattern=message_login|add_contact|send_message q=New tools are now available: add_contact. The user previously requested: "Loggin
[06:14:45]   [16/20] multi_turn_miss_func_16: PASS (16/16 = 100%)
[06:14:45]     turn 1: HIT conf=0.579 pattern=cd|cp|cd|mv q=New tools are now available: cp, echo. The user previously requested: "In resear
[06:14:45]     turn 2: HIT conf=0.798 pattern=sort q=Now, take the contents of '2024_research_backup.txt' that we just created and so
[06:14:45]     turn 3: HIT conf=0.746 pattern=wc q=Once the list is sorted, find out how many lines are in the sorted '2024_researc
[06:14:57]   [17/20] multi_turn_miss_func_15: PASS (17/17 = 100%)
[06:14:57]     turn 1: HIT conf=0.600 pattern=touch q=New tools are now available: touch, echo. The user previously requested: "I'm em
[06:14:57]     turn 2: HIT conf=0.761 pattern=echo q=Infuse 'DataSet1.csv' with some preliminary numbers for our initial analytical e
[06:14:57]     turn 3: HIT conf=0.760 pattern=tail q=Picture this: you're reading the last entry of 'DataSet1.csv' could you give me 
[06:14:57]     turn 4: HIT conf=0.756 pattern=wc|wc|wc q=Provide a summary of the lines, words, and characters in the previous file. It's
[06:14:57]     turn 5: HIT conf=0.737 pattern=mean q=Could you compute the average of the three numerical value obtained? Just for my
[06:14:58]   [18/20] multi_turn_miss_func_17: PASS (18/18 = 100%)
[06:14:58]     turn 1: HIT conf=0.560 pattern=ls q=New tools are now available: ls. The user previously requested: "Could you provi
[06:14:58]     turn 2: HIT conf=0.743 pattern=cd|cat q=Please cd into project folder and find Kelly's test report somewhere in the dire
[06:14:58]     turn 3: HIT conf=0.756 pattern=add_contact|send_message|view_messages_sent q=Please dispatch of the report to Kelly, I need to add her contact (Kelly), in th
[06:15:11]   [19/20] multi_turn_miss_func_18: PASS (19/19 = 100%)
[06:15:11]     turn 0: HIT conf=0.740 pattern=mkdir|cp|cp|cp|cp q=Copy all the text files of the 'Quarter1_Reports' directory and place it in a ne
[06:15:11]     turn 2: miss conf=0.422 pattern=None q=New tools are now available: sort. The user previously requested: "Within the 'M
[06:15:11]     turn 3: HIT conf=0.750 pattern=diff|post_tweet q=Compare the educational material differences between 'History101.txt' and 'Histo
[06:15:16]   [20/20] multi_turn_miss_func_19: PASS (20/20 = 100%)
[06:15:16]     turn 0: HIT conf=0.805 pattern=find q=Find every file with the name 'test_document.txt' nestled within the current dir
[06:15:16]     turn 2: HIT conf=0.530 pattern=cp|cd|mv q=New tools are now available: cp, echo. The user previously requested: "Transfer 
[06:15:16]     turn 3: HIT conf=0.719 pattern=cat q=Reveal the contents of 'final_document.txt' located in the archives.
[06:15:16]   multi_turn_miss_func: 20/20 (100.0%) in 197s | cost=$6.29 | pattern_hits=68/90 (76%)
[06:15:16] Run complete. Log: /Users/timmetim/development/glyphh-master/glyphh-models/bfcl/results/full-eval/run_20260312_061159.log
