[05:57:32] Run started: categories=['multi_turn_base'], workers=3, max_entries=20
[05:57:32] ── multi_turn_base ──
[05:57:32]   Loaded 20 entries
[05:58:11]   [1/20] multi_turn_base_1: PASS (1/1 = 100%)
[05:58:11]     turn 0: HIT conf=0.746 pattern=ls q=I am alex. Check if the current directory is under my name and list all the visi
[05:58:11]     turn 1: HIT conf=0.748 pattern=cd|mv q=Go to workspace directory and move one of the 'log.txt' files into a new directo
[05:58:11]     turn 2: HIT conf=0.741 pattern=cd|grep q=Investigate within 'log.txt' for the occurrence of the keyword 'Error'.
[05:58:11]     turn 3: HIT conf=0.736 pattern=tail q=Finally, show the last 20 lines the file.
[05:58:28]   [2/20] multi_turn_base_2: PASS (2/2 = 100%)
[05:58:28]     turn 0: HIT conf=0.743 pattern=cd|touch q=Go into document folder and Could you draft up a create a document titled 'TeamN
[05:58:28]     turn 1: HIT conf=0.750 pattern=echo q=We've gathered a couple of wise insights from Simona, so could you jot down 'Col
[05:58:28]     turn 2: HIT conf=0.757 pattern=diff q=There seems to be some differences noted by Simona between the 'ideas.txt' file 
[05:58:28]     turn 3: HIT conf=0.749 pattern=cp|cd|mv q=Simona thinks it's a smart move to secure 'TeamNotes.txt'. How about we copy it 
[05:58:28]     turn 4: HIT conf=0.747 pattern=cat q=Before Simona signs off for the day, she'd like to take a peek at what's been st
[05:58:30]   [3/20] multi_turn_base_0: PASS (3/3 = 100%)
[05:58:30]     turn 0: HIT conf=0.716 pattern=cd|mkdir|mv q=Move 'final_report.pdf' within document directory to 'temp' directory in documen
[05:58:30]     turn 1: HIT conf=0.742 pattern=cd|grep q=Perform a detailed search using grep to identify sections in the file pertaining
[05:58:30]     turn 2: HIT conf=0.798 pattern=sort q=Upon identifying the requisite 'budget analysis' content, sort the 'final_report
[05:58:30]     turn 3: HIT conf=0.731 pattern=cd|mv|cd|diff q=Move 'previous_report.pdf' in document directory to temp as well and having fina
[05:58:34]   [4/20] multi_turn_base_3: PASS (4/4 = 100%)
[05:58:34]     turn 0: HIT conf=0.753 pattern=find q=As part of my latest photography project, I need to gather files that have 'test
[05:58:34]     turn 1: HIT conf=0.752 pattern=cd|cd|cp|cp q=After identifying them, the next step is to ensure the images and text files are
[05:58:45]   [5/20] multi_turn_base_4: PASS (5/5 = 100%)
[05:58:45]     turn 0: HIT conf=0.744 pattern=ls q=Could you kindly show me the list of files in tmp directory in my file system in
[05:58:45]     turn 1: HIT conf=0.738 pattern=sort q=There is a report in my current directory. I have noticed the report appears som
[05:58:45]     turn 2: HIT conf=0.758 pattern=post_tweet q=I would appreciate it if you could share the sorted result as the message body o
[05:59:07]   [6/20] multi_turn_base_7: PASS (6/6 = 100%)
[05:59:07]     turn 0: HIT conf=0.754 pattern=cd|mkdir q=Directly open the academic_venture folder and employ precise commands to generat
[05:59:07]     turn 1: HIT conf=0.754 pattern=find q=Within academic_venture, meticulously list every project that has goal in its fi
[05:59:07]     turn 2: HIT conf=0.729 pattern=cat q=For clarity, output the complete content of the first file you find on the termi
[05:59:10]   [7/20] multi_turn_base_6: PASS (7/7 = 100%)
[05:59:10]     turn 0: HIT conf=0.748 pattern=cd|touch q=It's getting late here, and I'm wrapping up my notes for the day. Please initiat
[05:59:10]     turn 1: HIT conf=0.751 pattern=echo q=Hi, I want to put some statistics in the annual report. Here are the things I wa
[05:59:10]     turn 2: HIT conf=0.716 pattern=cat q=May I have a look at what's inside 'Annual_Report_2023.docx'?
[05:59:10]     turn 3: HIT conf=0.722 pattern=wc q=Let's delve into 'Annual_Report_2023.docx'. How many words does it contain?
[05:59:10]     turn 4: HIT conf=0.712 pattern=cd|cd|touch|echo q=To conclude, store the number of words in a new file report_word_count.txt in th
[05:59:13]   [8/20] multi_turn_base_5: PASS (8/8 = 100%)
[05:59:13]     turn 0: HIT conf=0.754 pattern=cd|mv q=Find analysis_report.csv and upon locating it, ensure you move it to the 'archiv
[05:59:13]     turn 1: HIT conf=0.739 pattern=cat|sort q=After the file transfer, display the contents of 'archive_summary.txt' in the cu
[05:59:13]     turn 2: HIT conf=0.737 pattern=authenticate_twitter|post_tweet q=Help me maintain a social media presence by crafting a tweet that states, 'Manag
[05:59:13]     turn 3: HIT conf=0.753 pattern=comment q=Once the tweet is live, reinforce the achievement by commenting underneath with 
[05:59:34]   [9/20] multi_turn_base_9: PASS (9/9 = 100%)
[05:59:34]     turn 0: HIT conf=0.720 pattern=cd q=I remember I should have a document called 'FinalReport.txt' in the 'Documentati
[05:59:34]     turn 1: HIT conf=0.728 pattern=cp|cd|mv q=Make a copy of 'FinalReport.txt' to the 'Archives' directory inside the 'Documen
[05:59:34]     turn 2: HIT conf=0.798 pattern=sort q=Methodically arrange and sort the inaugural line of the 'ArchivedFinalReport2024
[05:59:37]   [10/20] multi_turn_base_8: FAIL (9/10 = 90%) | error: Model response execution results so far does not contain all the ground truth response execution results for turn 2.
[05:59:37]     turn 0: HIT conf=0.775 pattern=grep q=I've recently compiled an extensive log of outcomes from my latest scientific ex
[05:59:37]     turn 1: HIT conf=0.761 pattern=diff q=Following this, I need you to draw a comparison between 'experiment_log.txt' and
[05:59:37]     turn 2: HIT conf=0.752 pattern=authenticate_twitter|post_tweet q=Please share the verbatim results of diff as the body of the post by posting a s
[05:59:37]     turn 3: HIT conf=0.800 pattern=comment q=When you post the tweet, add a supportive comment 'Cheers!'
[05:59:45]   [11/20] multi_turn_base_11: PASS (10/11 = 91%)
[05:59:45]     turn 0: HIT conf=0.750 pattern=ls q=Display all the available files located within the '/temp' directory including h
[05:59:45]     turn 1: HIT conf=0.757 pattern=post_tweet q=With the information presented on the terminal, draft a post on Twitter mentioni
[05:59:50]   [12/20] multi_turn_base_10: PASS (11/12 = 92%)
[05:59:50]     turn 0: HIT conf=0.737 pattern=cd|mkdir q=Hey, can you set up a new directory named 'Projects' right in workspace folder?
[05:59:50]     turn 1: HIT conf=0.753 pattern=mv|cd|mv q=Let's move over the project's proposal document into this 'Projects' folder, but
[05:59:50]     turn 2: HIT conf=0.746 pattern=touch q=Inside this directory, get cracking on a new file, call it 'notes.md', to captur
[05:59:50]     turn 3: HIT conf=0.733 pattern=touch|echo|diff q=Also, create a file named 'summary.txt' and write 'Hello' into it. After that, d
[05:59:50]     turn 4: HIT conf=0.731 pattern=wc q=Finally, tally up the number of characters in 'summary.txt'.
[05:59:55]   [13/20] multi_turn_base_12: PASS (12/13 = 92%)
[05:59:55]     turn 0: HIT conf=0.750 pattern=cd|touch q=Pop on over to the 'Documents' directory and craft a new file dubbed 'summary.tx
[05:59:55]     turn 1: HIT conf=0.757 pattern=echo q=In 'Documents', let's capture some profound topic 'quantum computing' and jot th
[05:59:55]     turn 2: HIT conf=0.743 pattern=wc q=It would be great to get a sense of how comprehensive this file has become. Mind
[06:00:00]   [14/20] multi_turn_base_13: PASS (13/14 = 93%)
[06:00:00]     turn 0: HIT conf=0.756 pattern=cd|tail q=In documents directory, there's a file that piques my curiosity regarding its co
[06:00:00]     turn 1: HIT conf=0.753 pattern=diff q=I've lately stored some work that parallels another document on my system. Might
[06:00:19]   [15/20] multi_turn_base_14: PASS (14/15 = 93%)
[06:00:19]     turn 0: HIT conf=0.746 pattern=cd|find q=First cd within the 'ResearchDocs' directory and then locate any files titled 'r
[06:00:19]     turn 1: HIT conf=0.752 pattern=grep q=Once you locate 'report.csv' in the 'ResearchDocs' directory, delve into it to f
[06:00:19]     turn 2: HIT conf=0.755 pattern=tail q=Extract and display the last five lines from the 'report.csv' file in the 'Resea
[06:00:19]     turn 3: HIT conf=0.754 pattern=message_login|add_contact|send_message q=Logging in as USR001. Lastly, upon completion of our file review, kindly message
[06:00:21]   [16/20] multi_turn_base_16: PASS (15/16 = 94%)
[06:00:21]     turn 0: HIT conf=0.730 pattern=cd|cp|cd|mv q=In research directory, there is a file called 'research_notes.txt'. Please make 
[06:00:21]     turn 1: HIT conf=0.798 pattern=sort q=Now, take the contents of '2024_research_backup.txt' that we just created and so
[06:00:21]     turn 2: HIT conf=0.746 pattern=wc q=Once the list is sorted, find out how many lines are in the sorted '2024_researc
[06:00:30]   [17/20] multi_turn_base_15: PASS (16/17 = 94%)
[06:00:30]     turn 0: HIT conf=0.756 pattern=touch q=I'm embarking on a new data analysis project that's as thrilling as scripting th
[06:00:30]     turn 1: HIT conf=0.761 pattern=echo q=Infuse 'DataSet1.csv' with some preliminary numbers for our initial analytical e
[06:00:30]     turn 2: HIT conf=0.760 pattern=tail q=Picture this: you're reading the last entry of 'DataSet1.csv' could you give me 
[06:00:30]     turn 3: HIT conf=0.756 pattern=wc|wc|wc q=Provide a summary of the lines, words, and characters in the previous file. It's
[06:00:30]     turn 4: HIT conf=0.737 pattern=mean q=Could you compute the average of the three numerical value obtained? Just for my
[06:00:43]   [18/20] multi_turn_base_17: PASS (17/18 = 94%)
[06:00:43]     turn 0: HIT conf=0.745 pattern=ls q=Could you provide me with an inventory of files that are currently visible and h
[06:00:43]     turn 1: HIT conf=0.743 pattern=cd|cat q=Please cd into project folder and find Kelly's test report somewhere in the dire
[06:00:43]     turn 2: HIT conf=0.756 pattern=add_contact|send_message|view_messages_sent q=Please dispatch of the report to Kelly, I need to add her contact (Kelly), in th
[06:00:44]   [19/20] multi_turn_base_18: PASS (18/19 = 95%)
[06:00:44]     turn 0: HIT conf=0.740 pattern=mkdir|cp|cp|cp|cp q=Copy all the text files of the 'Quarter1_Reports' directory and place it in a ne
[06:00:44]     turn 1: HIT conf=0.741 pattern=cat|sort q=Within the 'MonthlySummary.docx' file, display the content and sort it alphabeti
[06:00:44]     turn 2: HIT conf=0.750 pattern=diff|post_tweet q=Compare the educational material differences between 'History101.txt' and 'Histo
[06:00:50]   [20/20] multi_turn_base_19: PASS (19/20 = 95%)
[06:00:50]     turn 0: HIT conf=0.805 pattern=find q=Find every file with the name 'test_document.txt' nestled within the current dir
[06:00:50]     turn 1: HIT conf=0.712 pattern=cp|cd|mv q=Transfer a duplicate of 'test_document.txt' over to the archives folder and rena
[06:00:50]     turn 2: HIT conf=0.719 pattern=cat q=Reveal the contents of 'final_document.txt' located in the archives.
[06:00:50]   multi_turn_base: 19/20 (95.0%) in 198s | cost=$5.28 | pattern_hits=70/70 (100%)
[06:00:50] Run complete. Log: /Users/timmetim/development/glyphh-master/glyphh-models/bfcl/results/full-eval/run_20260312_055732.log
